Tue Apr 28 00:36:50 CDT 2020
/softwares/Linux/cadence/INCISIVE152/tools/vmgr/runner/bin/vm_append_to_vsof.pl
printing from file: /home/grads/a/agarwal.220196/CSCE689_labs/final_project/CSCE-689-ProjectSpring20/project_release-master/project/sim/regression/cpu_regress.agarwal.220196.20_04_28_00_36_39_8628/chain_0/tmp.txt
printing to file: /home/grads/a/agarwal.220196/CSCE689_labs/final_project/CSCE-689-ProjectSpring20/project_release-master/project/sim/regression/cpu_regress.agarwal.220196.20_04_28_00_36_39_8628/cpu_regress.vsof
runs data dir is: /softwares/internal/vmanager/profile/chunks/projects/vmgr
Chunk name is: /softwares/internal/vmanager/profile/chunks/projects/vmgr/10_427354aa-8912-11ea-8a68-0fc6a2e57f34.chunk
From offset: 0
To offset: 4294967295
Tue Apr 28 00:36:51 CDT 2020
/softwares/Linux/cadence/INCISIVE152/tools/vmgr/runner/bin/vm_append_to_vsof.pl
printing from file: /home/grads/a/agarwal.220196/CSCE689_labs/final_project/CSCE-689-ProjectSpring20/project_release-master/project/sim/regression/cpu_regress.agarwal.220196.20_04_28_00_36_39_8628/chain_0/.pre_session_script_data.txt
printing to file: /home/grads/a/agarwal.220196/CSCE689_labs/final_project/CSCE-689-ProjectSpring20/project_release-master/project/sim/regression/cpu_regress.agarwal.220196.20_04_28_00_36_39_8628/cpu_regress.vsof
runs data dir is: /softwares/internal/vmanager/profile/chunks/projects/vmgr
Chunk name is: /softwares/internal/vmanager/profile/chunks/projects/vmgr/10_4330ff82-8912-11ea-91d6-53614b82dba8.chunk
From offset: 0
To offset: 4294967295
Tue Apr 28 00:36:52 CDT 2020
/softwares/Linux/cadence/INCISIVE152/tools/vmgr/runner/bin/vm_append_to_vsof.pl
printing from file: /home/grads/a/agarwal.220196/CSCE689_labs/final_project/CSCE-689-ProjectSpring20/project_release-master/project/sim/regression/cpu_regress.agarwal.220196.20_04_28_00_36_39_8628/chain_0/error_file.txt
printing to file: /home/grads/a/agarwal.220196/CSCE689_labs/final_project/CSCE-689-ProjectSpring20/project_release-master/project/sim/regression/cpu_regress.agarwal.220196.20_04_28_00_36_39_8628/cpu_regress.vsof
runs data dir is: /softwares/internal/vmanager/profile/chunks/projects/vmgr
Chunk name is: /softwares/internal/vmanager/profile/chunks/projects/vmgr/60_43aba714-8912-11ea-8013-47f8a081ae71.chunk
From offset: 0
To offset: 4294967295
Tue Apr 28 00:36:55 CDT 2020
/softwares/Linux/cadence/INCISIVE152/tools/vmgr/runner/bin/vm_append_to_vsof.pl
printing from file: /home/grads/a/agarwal.220196/CSCE689_labs/final_project/CSCE-689-ProjectSpring20/project_release-master/project/sim/regression/cpu_regress.agarwal.220196.20_04_28_00_36_39_8628/chain_0/error_file.txt
printing to file: /home/grads/a/agarwal.220196/CSCE689_labs/final_project/CSCE-689-ProjectSpring20/project_release-master/project/sim/regression/cpu_regress.agarwal.220196.20_04_28_00_36_39_8628/cpu_regress.vsof
runs data dir is: /softwares/internal/vmanager/profile/chunks/projects/vmgr
Chunk name is: /softwares/internal/vmanager/profile/chunks/projects/vmgr/60_452b6020-8912-11ea-b783-8780a18ef767.chunk
From offset: 0
To offset: 4294967295
Tue Apr 28 00:37:17 CDT 2020
/softwares/Linux/cadence/INCISIVE152/tools/vmgr/runner/bin/vm_append_to_vsof.pl
printing from file: /home/grads/a/agarwal.220196/CSCE689_labs/final_project/CSCE-689-ProjectSpring20/project_release-master/project/sim/regression/cpu_regress.agarwal.220196.20_04_28_00_36_39_8628/chain_0/error_file.txt
printing to file: /home/grads/a/agarwal.220196/CSCE689_labs/final_project/CSCE-689-ProjectSpring20/project_release-master/project/sim/regression/cpu_regress.agarwal.220196.20_04_28_00_36_39_8628/cpu_regress.vsof
runs data dir is: /softwares/internal/vmanager/profile/chunks/projects/vmgr
Chunk name is: /softwares/internal/vmanager/profile/chunks/projects/vmgr/60_52b3d11e-8912-11ea-a0cb-1bc3d75b4abc.chunk
From offset: 0
To offset: 4294967295
Tue Apr 28 00:37:20 CDT 2020
/softwares/Linux/cadence/INCISIVE152/tools/vmgr/runner/bin/vm_append_to_vsof.pl
printing from file: /home/grads/a/agarwal.220196/CSCE689_labs/final_project/CSCE-689-ProjectSpring20/project_release-master/project/sim/regression/cpu_regress.agarwal.220196.20_04_28_00_36_39_8628/chain_0/error_file.txt
printing to file: /home/grads/a/agarwal.220196/CSCE689_labs/final_project/CSCE-689-ProjectSpring20/project_release-master/project/sim/regression/cpu_regress.agarwal.220196.20_04_28_00_36_39_8628/cpu_regress.vsof
runs data dir is: /softwares/internal/vmanager/profile/chunks/projects/vmgr
Chunk name is: /softwares/internal/vmanager/profile/chunks/projects/vmgr/60_5433b2a2-8912-11ea-8886-ab2dcf8ad0b1.chunk
From offset: 0
To offset: 4294967295
Tue Apr 28 00:37:35 CDT 2020
/softwares/Linux/cadence/INCISIVE152/tools/vmgr/runner/bin/vm_append_to_vsof.pl
printing from file: /home/grads/a/agarwal.220196/CSCE689_labs/final_project/CSCE-689-ProjectSpring20/project_release-master/project/sim/regression/cpu_regress.agarwal.220196.20_04_28_00_36_39_8628/chain_0/error_file.txt
printing to file: /home/grads/a/agarwal.220196/CSCE689_labs/final_project/CSCE-689-ProjectSpring20/project_release-master/project/sim/regression/cpu_regress.agarwal.220196.20_04_28_00_36_39_8628/cpu_regress.vsof
runs data dir is: /softwares/internal/vmanager/profile/chunks/projects/vmgr
Chunk name is: /softwares/internal/vmanager/profile/chunks/projects/vmgr/60_5d03f946-8912-11ea-8d35-cf6271136658.chunk
From offset: 0
To offset: 4294967295
Tue Apr 28 00:37:51 CDT 2020
/softwares/Linux/cadence/INCISIVE152/tools/vmgr/runner/bin/vm_append_to_vsof.pl
printing from file: /home/grads/a/agarwal.220196/CSCE689_labs/final_project/CSCE-689-ProjectSpring20/project_release-master/project/sim/regression/cpu_regress.agarwal.220196.20_04_28_00_36_39_8628/chain_0/error_file.txt
printing to file: /home/grads/a/agarwal.220196/CSCE689_labs/final_project/CSCE-689-ProjectSpring20/project_release-master/project/sim/regression/cpu_regress.agarwal.220196.20_04_28_00_36_39_8628/cpu_regress.vsof
runs data dir is: /softwares/internal/vmanager/profile/chunks/projects/vmgr
Chunk name is: /softwares/internal/vmanager/profile/chunks/projects/vmgr/60_66efa5b8-8912-11ea-be1a-5f18da9bf67e.chunk
From offset: 0
To offset: 4294967295
Tue Apr 28 00:37:56 CDT 2020
/softwares/Linux/cadence/INCISIVE152/tools/vmgr/runner/bin/vm_append_to_vsof.pl
printing from file: /home/grads/a/agarwal.220196/CSCE689_labs/final_project/CSCE-689-ProjectSpring20/project_release-master/project/sim/regression/cpu_regress.agarwal.220196.20_04_28_00_36_39_8628/chain_0/error_file.txt
printing to file: /home/grads/a/agarwal.220196/CSCE689_labs/final_project/CSCE-689-ProjectSpring20/project_release-master/project/sim/regression/cpu_regress.agarwal.220196.20_04_28_00_36_39_8628/cpu_regress.vsof
runs data dir is: /softwares/internal/vmanager/profile/chunks/projects/vmgr
Chunk name is: /softwares/internal/vmanager/profile/chunks/projects/vmgr/60_698ba696-8912-11ea-8d62-5f8abfdd8e0b.chunk
From offset: 0
To offset: 4294967295
Tue Apr 28 00:38:08 CDT 2020
/softwares/Linux/cadence/INCISIVE152/tools/vmgr/runner/bin/vm_append_to_vsof.pl
printing from file: /home/grads/a/agarwal.220196/CSCE689_labs/final_project/CSCE-689-ProjectSpring20/project_release-master/project/sim/regression/cpu_regress.agarwal.220196.20_04_28_00_36_39_8628/chain_0/error_file.txt
printing to file: /home/grads/a/agarwal.220196/CSCE689_labs/final_project/CSCE-689-ProjectSpring20/project_release-master/project/sim/regression/cpu_regress.agarwal.220196.20_04_28_00_36_39_8628/cpu_regress.vsof
runs data dir is: /softwares/internal/vmanager/profile/chunks/projects/vmgr
Chunk name is: /softwares/internal/vmanager/profile/chunks/projects/vmgr/60_71115d98-8912-11ea-8a7e-3787d69de1a2.chunk
From offset: 0
To offset: 4294967295
Tue Apr 28 00:38:11 CDT 2020
/softwares/Linux/cadence/INCISIVE152/tools/vmgr/runner/bin/vm_append_to_vsof.pl
printing from file: /home/grads/a/agarwal.220196/CSCE689_labs/final_project/CSCE-689-ProjectSpring20/project_release-master/project/sim/regression/cpu_regress.agarwal.220196.20_04_28_00_36_39_8628/chain_0/error_file.txt
printing to file: /home/grads/a/agarwal.220196/CSCE689_labs/final_project/CSCE-689-ProjectSpring20/project_release-master/project/sim/regression/cpu_regress.agarwal.220196.20_04_28_00_36_39_8628/cpu_regress.vsof
runs data dir is: /softwares/internal/vmanager/profile/chunks/projects/vmgr
Chunk name is: /softwares/internal/vmanager/profile/chunks/projects/vmgr/60_7295e814-8912-11ea-8f40-fb462df4cdc7.chunk
From offset: 0
To offset: 4294967295
Tue Apr 28 00:38:31 CDT 2020
/softwares/Linux/cadence/INCISIVE152/tools/vmgr/runner/bin/vm_append_to_vsof.pl
printing from file: /home/grads/a/agarwal.220196/CSCE689_labs/final_project/CSCE-689-ProjectSpring20/project_release-master/project/sim/regression/cpu_regress.agarwal.220196.20_04_28_00_36_39_8628/chain_0/error_file.txt
printing to file: /home/grads/a/agarwal.220196/CSCE689_labs/final_project/CSCE-689-ProjectSpring20/project_release-master/project/sim/regression/cpu_regress.agarwal.220196.20_04_28_00_36_39_8628/cpu_regress.vsof
runs data dir is: /softwares/internal/vmanager/profile/chunks/projects/vmgr
Chunk name is: /softwares/internal/vmanager/profile/chunks/projects/vmgr/60_7e66b920-8912-11ea-a2a4-875c87f12ed9.chunk
From offset: 0
To offset: 4294967295
Tue Apr 28 00:38:47 CDT 2020
/softwares/Linux/cadence/INCISIVE152/tools/vmgr/runner/bin/vm_append_to_vsof.pl
printing from file: /home/grads/a/agarwal.220196/CSCE689_labs/final_project/CSCE-689-ProjectSpring20/project_release-master/project/sim/regression/cpu_regress.agarwal.220196.20_04_28_00_36_39_8628/chain_0/error_file.txt
printing to file: /home/grads/a/agarwal.220196/CSCE689_labs/final_project/CSCE-689-ProjectSpring20/project_release-master/project/sim/regression/cpu_regress.agarwal.220196.20_04_28_00_36_39_8628/cpu_regress.vsof
runs data dir is: /softwares/internal/vmanager/profile/chunks/projects/vmgr
Chunk name is: /softwares/internal/vmanager/profile/chunks/projects/vmgr/60_88525642-8912-11ea-a834-87e54c4cb20f.chunk
From offset: 0
To offset: 4294967295
Tue Apr 28 00:38:50 CDT 2020
/softwares/Linux/cadence/INCISIVE152/tools/vmgr/runner/bin/vm_append_to_vsof.pl
printing from file: /home/grads/a/agarwal.220196/CSCE689_labs/final_project/CSCE-689-ProjectSpring20/project_release-master/project/sim/regression/cpu_regress.agarwal.220196.20_04_28_00_36_39_8628/chain_0/error_file.txt
printing to file: /home/grads/a/agarwal.220196/CSCE689_labs/final_project/CSCE-689-ProjectSpring20/project_release-master/project/sim/regression/cpu_regress.agarwal.220196.20_04_28_00_36_39_8628/cpu_regress.vsof
runs data dir is: /softwares/internal/vmanager/profile/chunks/projects/vmgr
Chunk name is: /softwares/internal/vmanager/profile/chunks/projects/vmgr/60_89fd8318-8912-11ea-aefb-abc12ac95a16.chunk
From offset: 0
To offset: 4294967295
Tue Apr 28 00:39:05 CDT 2020
/softwares/Linux/cadence/INCISIVE152/tools/vmgr/runner/bin/vm_append_to_vsof.pl
printing from file: /home/grads/a/agarwal.220196/CSCE689_labs/final_project/CSCE-689-ProjectSpring20/project_release-master/project/sim/regression/cpu_regress.agarwal.220196.20_04_28_00_36_39_8628/chain_0/error_file.txt
printing to file: /home/grads/a/agarwal.220196/CSCE689_labs/final_project/CSCE-689-ProjectSpring20/project_release-master/project/sim/regression/cpu_regress.agarwal.220196.20_04_28_00_36_39_8628/cpu_regress.vsof
runs data dir is: /softwares/internal/vmanager/profile/chunks/projects/vmgr
Chunk name is: /softwares/internal/vmanager/profile/chunks/projects/vmgr/60_92fc3b08-8912-11ea-b687-6fece398f9e3.chunk
From offset: 0
To offset: 4294967295
Tue Apr 28 00:39:08 CDT 2020
/softwares/Linux/cadence/INCISIVE152/tools/vmgr/runner/bin/vm_append_to_vsof.pl
printing from file: /home/grads/a/agarwal.220196/CSCE689_labs/final_project/CSCE-689-ProjectSpring20/project_release-master/project/sim/regression/cpu_regress.agarwal.220196.20_04_28_00_36_39_8628/chain_0/error_file.txt
printing to file: /home/grads/a/agarwal.220196/CSCE689_labs/final_project/CSCE-689-ProjectSpring20/project_release-master/project/sim/regression/cpu_regress.agarwal.220196.20_04_28_00_36_39_8628/cpu_regress.vsof
runs data dir is: /softwares/internal/vmanager/profile/chunks/projects/vmgr
Chunk name is: /softwares/internal/vmanager/profile/chunks/projects/vmgr/60_947d17a4-8912-11ea-b8a1-5b733e14c075.chunk
From offset: 0
To offset: 4294967295
Tue Apr 28 00:39:25 CDT 2020
/softwares/Linux/cadence/INCISIVE152/tools/vmgr/runner/bin/vm_append_to_vsof.pl
printing from file: /home/grads/a/agarwal.220196/CSCE689_labs/final_project/CSCE-689-ProjectSpring20/project_release-master/project/sim/regression/cpu_regress.agarwal.220196.20_04_28_00_36_39_8628/chain_0/error_file.txt
printing to file: /home/grads/a/agarwal.220196/CSCE689_labs/final_project/CSCE-689-ProjectSpring20/project_release-master/project/sim/regression/cpu_regress.agarwal.220196.20_04_28_00_36_39_8628/cpu_regress.vsof
runs data dir is: /softwares/internal/vmanager/profile/chunks/projects/vmgr
Chunk name is: /softwares/internal/vmanager/profile/chunks/projects/vmgr/60_9e8a235e-8912-11ea-9818-47ea852541fa.chunk
From offset: 0
To offset: 4294967295
Tue Apr 28 00:39:42 CDT 2020
/softwares/Linux/cadence/INCISIVE152/tools/vmgr/runner/bin/vm_append_to_vsof.pl
printing from file: /home/grads/a/agarwal.220196/CSCE689_labs/final_project/CSCE-689-ProjectSpring20/project_release-master/project/sim/regression/cpu_regress.agarwal.220196.20_04_28_00_36_39_8628/chain_0/error_file.txt
printing to file: /home/grads/a/agarwal.220196/CSCE689_labs/final_project/CSCE-689-ProjectSpring20/project_release-master/project/sim/regression/cpu_regress.agarwal.220196.20_04_28_00_36_39_8628/cpu_regress.vsof
runs data dir is: /softwares/internal/vmanager/profile/chunks/projects/vmgr
Chunk name is: /softwares/internal/vmanager/profile/chunks/projects/vmgr/60_a8bed91e-8912-11ea-8315-43c0dffef557.chunk
From offset: 0
To offset: 4294967295
Tue Apr 28 00:39:58 CDT 2020
/softwares/Linux/cadence/INCISIVE152/tools/vmgr/runner/bin/vm_append_to_vsof.pl
printing from file: /home/grads/a/agarwal.220196/CSCE689_labs/final_project/CSCE-689-ProjectSpring20/project_release-master/project/sim/regression/cpu_regress.agarwal.220196.20_04_28_00_36_39_8628/chain_0/error_file.txt
printing to file: /home/grads/a/agarwal.220196/CSCE689_labs/final_project/CSCE-689-ProjectSpring20/project_release-master/project/sim/regression/cpu_regress.agarwal.220196.20_04_28_00_36_39_8628/cpu_regress.vsof
runs data dir is: /softwares/internal/vmanager/profile/chunks/projects/vmgr
Chunk name is: /softwares/internal/vmanager/profile/chunks/projects/vmgr/60_b2a80e8c-8912-11ea-b53f-df44aa3a9f3d.chunk
From offset: 0
To offset: 4294967295
Tue Apr 28 00:40:01 CDT 2020
/softwares/Linux/cadence/INCISIVE152/tools/vmgr/runner/bin/vm_append_to_vsof.pl
printing from file: /home/grads/a/agarwal.220196/CSCE689_labs/final_project/CSCE-689-ProjectSpring20/project_release-master/project/sim/regression/cpu_regress.agarwal.220196.20_04_28_00_36_39_8628/chain_0/error_file.txt
printing to file: /home/grads/a/agarwal.220196/CSCE689_labs/final_project/CSCE-689-ProjectSpring20/project_release-master/project/sim/regression/cpu_regress.agarwal.220196.20_04_28_00_36_39_8628/cpu_regress.vsof
runs data dir is: /softwares/internal/vmanager/profile/chunks/projects/vmgr
Chunk name is: /softwares/internal/vmanager/profile/chunks/projects/vmgr/60_b42b147a-8912-11ea-82fa-57c54ee9090b.chunk
From offset: 0
To offset: 4294967295
Tue Apr 28 00:40:20 CDT 2020
/softwares/Linux/cadence/INCISIVE152/tools/vmgr/runner/bin/vm_append_to_vsof.pl
printing from file: /home/grads/a/agarwal.220196/CSCE689_labs/final_project/CSCE-689-ProjectSpring20/project_release-master/project/sim/regression/cpu_regress.agarwal.220196.20_04_28_00_36_39_8628/chain_0/error_file.txt
printing to file: /home/grads/a/agarwal.220196/CSCE689_labs/final_project/CSCE-689-ProjectSpring20/project_release-master/project/sim/regression/cpu_regress.agarwal.220196.20_04_28_00_36_39_8628/cpu_regress.vsof
runs data dir is: /softwares/internal/vmanager/profile/chunks/projects/vmgr
Chunk name is: /softwares/internal/vmanager/profile/chunks/projects/vmgr/60_bf90b1c6-8912-11ea-832d-975abc8c6978.chunk
From offset: 0
To offset: 4294967295
Tue Apr 28 00:40:37 CDT 2020
/softwares/Linux/cadence/INCISIVE152/tools/vmgr/runner/bin/vm_append_to_vsof.pl
printing from file: /home/grads/a/agarwal.220196/CSCE689_labs/final_project/CSCE-689-ProjectSpring20/project_release-master/project/sim/regression/cpu_regress.agarwal.220196.20_04_28_00_36_39_8628/chain_0/error_file.txt
printing to file: /home/grads/a/agarwal.220196/CSCE689_labs/final_project/CSCE-689-ProjectSpring20/project_release-master/project/sim/regression/cpu_regress.agarwal.220196.20_04_28_00_36_39_8628/cpu_regress.vsof
runs data dir is: /softwares/internal/vmanager/profile/chunks/projects/vmgr
Chunk name is: /softwares/internal/vmanager/profile/chunks/projects/vmgr/60_c97eb570-8912-11ea-8b9e-4f8922eeec0a.chunk
From offset: 0
To offset: 4294967295
Tue Apr 28 00:40:55 CDT 2020
/softwares/Linux/cadence/INCISIVE152/tools/vmgr/runner/bin/vm_append_to_vsof.pl
printing from file: /home/grads/a/agarwal.220196/CSCE689_labs/final_project/CSCE-689-ProjectSpring20/project_release-master/project/sim/regression/cpu_regress.agarwal.220196.20_04_28_00_36_39_8628/chain_0/error_file.txt
printing to file: /home/grads/a/agarwal.220196/CSCE689_labs/final_project/CSCE-689-ProjectSpring20/project_release-master/project/sim/regression/cpu_regress.agarwal.220196.20_04_28_00_36_39_8628/cpu_regress.vsof
runs data dir is: /softwares/internal/vmanager/profile/chunks/projects/vmgr
Chunk name is: /softwares/internal/vmanager/profile/chunks/projects/vmgr/60_d443149c-8912-11ea-a160-9bf82409a594.chunk
From offset: 0
To offset: 4294967295
Tue Apr 28 00:41:15 CDT 2020
/softwares/Linux/cadence/INCISIVE152/tools/vmgr/runner/bin/vm_append_to_vsof.pl
printing from file: /home/grads/a/agarwal.220196/CSCE689_labs/final_project/CSCE-689-ProjectSpring20/project_release-master/project/sim/regression/cpu_regress.agarwal.220196.20_04_28_00_36_39_8628/chain_0/error_file.txt
printing to file: /home/grads/a/agarwal.220196/CSCE689_labs/final_project/CSCE-689-ProjectSpring20/project_release-master/project/sim/regression/cpu_regress.agarwal.220196.20_04_28_00_36_39_8628/cpu_regress.vsof
runs data dir is: /softwares/internal/vmanager/profile/chunks/projects/vmgr
Chunk name is: /softwares/internal/vmanager/profile/chunks/projects/vmgr/60_e06f54ba-8912-11ea-a698-7757f88dae72.chunk
From offset: 0
To offset: 4294967295
Tue Apr 28 00:41:28 CDT 2020
/softwares/Linux/cadence/INCISIVE152/tools/vmgr/runner/bin/vm_append_to_vsof.pl
printing from file: /home/grads/a/agarwal.220196/CSCE689_labs/final_project/CSCE-689-ProjectSpring20/project_release-master/project/sim/regression/cpu_regress.agarwal.220196.20_04_28_00_36_39_8628/chain_0/error_file.txt
printing to file: /home/grads/a/agarwal.220196/CSCE689_labs/final_project/CSCE-689-ProjectSpring20/project_release-master/project/sim/regression/cpu_regress.agarwal.220196.20_04_28_00_36_39_8628/cpu_regress.vsof
runs data dir is: /softwares/internal/vmanager/profile/chunks/projects/vmgr
Chunk name is: /softwares/internal/vmanager/profile/chunks/projects/vmgr/60_e7f1f7ce-8912-11ea-bd0f-335c9096248a.chunk
From offset: 0
To offset: 4294967295
Tue Apr 28 00:41:30 CDT 2020
/softwares/Linux/cadence/INCISIVE152/tools/vmgr/runner/bin/vm_append_to_vsof.pl
printing from file: /home/grads/a/agarwal.220196/CSCE689_labs/final_project/CSCE-689-ProjectSpring20/project_release-master/project/sim/regression/cpu_regress.agarwal.220196.20_04_28_00_36_39_8628/chain_0/error_file.txt
printing to file: /home/grads/a/agarwal.220196/CSCE689_labs/final_project/CSCE-689-ProjectSpring20/project_release-master/project/sim/regression/cpu_regress.agarwal.220196.20_04_28_00_36_39_8628/cpu_regress.vsof
runs data dir is: /softwares/internal/vmanager/profile/chunks/projects/vmgr
Chunk name is: /softwares/internal/vmanager/profile/chunks/projects/vmgr/60_e9738c3e-8912-11ea-894a-1f468cbcdc82.chunk
From offset: 0
To offset: 4294967295
Tue Apr 28 00:41:49 CDT 2020
/softwares/Linux/cadence/INCISIVE152/tools/vmgr/runner/bin/vm_append_to_vsof.pl
printing from file: /home/grads/a/agarwal.220196/CSCE689_labs/final_project/CSCE-689-ProjectSpring20/project_release-master/project/sim/regression/cpu_regress.agarwal.220196.20_04_28_00_36_39_8628/chain_0/error_file.txt
printing to file: /home/grads/a/agarwal.220196/CSCE689_labs/final_project/CSCE-689-ProjectSpring20/project_release-master/project/sim/regression/cpu_regress.agarwal.220196.20_04_28_00_36_39_8628/cpu_regress.vsof
runs data dir is: /softwares/internal/vmanager/profile/chunks/projects/vmgr
Chunk name is: /softwares/internal/vmanager/profile/chunks/projects/vmgr/60_f4bc420c-8912-11ea-93c9-6f70c8c40cda.chunk
From offset: 0
To offset: 4294967295
Tue Apr 28 00:42:06 CDT 2020
/softwares/Linux/cadence/INCISIVE152/tools/vmgr/runner/bin/vm_append_to_vsof.pl
printing from file: /home/grads/a/agarwal.220196/CSCE689_labs/final_project/CSCE-689-ProjectSpring20/project_release-master/project/sim/regression/cpu_regress.agarwal.220196.20_04_28_00_36_39_8628/chain_0/error_file.txt
printing to file: /home/grads/a/agarwal.220196/CSCE689_labs/final_project/CSCE-689-ProjectSpring20/project_release-master/project/sim/regression/cpu_regress.agarwal.220196.20_04_28_00_36_39_8628/cpu_regress.vsof
runs data dir is: /softwares/internal/vmanager/profile/chunks/projects/vmgr
Chunk name is: /softwares/internal/vmanager/profile/chunks/projects/vmgr/60_fea3a882-8912-11ea-b205-ef60d015dd4c.chunk
From offset: 0
To offset: 4294967295
Tue Apr 28 00:42:23 CDT 2020
/softwares/Linux/cadence/INCISIVE152/tools/vmgr/runner/bin/vm_append_to_vsof.pl
printing from file: /home/grads/a/agarwal.220196/CSCE689_labs/final_project/CSCE-689-ProjectSpring20/project_release-master/project/sim/regression/cpu_regress.agarwal.220196.20_04_28_00_36_39_8628/chain_0/error_file.txt
printing to file: /home/grads/a/agarwal.220196/CSCE689_labs/final_project/CSCE-689-ProjectSpring20/project_release-master/project/sim/regression/cpu_regress.agarwal.220196.20_04_28_00_36_39_8628/cpu_regress.vsof
runs data dir is: /softwares/internal/vmanager/profile/chunks/projects/vmgr
Chunk name is: /softwares/internal/vmanager/profile/chunks/projects/vmgr/60_08b9c20c-8913-11ea-a4d3-d7586af2b316.chunk
From offset: 0
To offset: 4294967295
Tue Apr 28 00:42:40 CDT 2020
/softwares/Linux/cadence/INCISIVE152/tools/vmgr/runner/bin/vm_append_to_vsof.pl
printing from file: /home/grads/a/agarwal.220196/CSCE689_labs/final_project/CSCE-689-ProjectSpring20/project_release-master/project/sim/regression/cpu_regress.agarwal.220196.20_04_28_00_36_39_8628/chain_0/error_file.txt
printing to file: /home/grads/a/agarwal.220196/CSCE689_labs/final_project/CSCE-689-ProjectSpring20/project_release-master/project/sim/regression/cpu_regress.agarwal.220196.20_04_28_00_36_39_8628/cpu_regress.vsof
runs data dir is: /softwares/internal/vmanager/profile/chunks/projects/vmgr
Chunk name is: /softwares/internal/vmanager/profile/chunks/projects/vmgr/60_12ec8cbe-8913-11ea-adf5-87cf51df53c2.chunk
From offset: 0
To offset: 4294967295
Tue Apr 28 00:42:55 CDT 2020
/softwares/Linux/cadence/INCISIVE152/tools/vmgr/runner/bin/vm_append_to_vsof.pl
printing from file: /home/grads/a/agarwal.220196/CSCE689_labs/final_project/CSCE-689-ProjectSpring20/project_release-master/project/sim/regression/cpu_regress.agarwal.220196.20_04_28_00_36_39_8628/chain_0/error_file.txt
printing to file: /home/grads/a/agarwal.220196/CSCE689_labs/final_project/CSCE-689-ProjectSpring20/project_release-master/project/sim/regression/cpu_regress.agarwal.220196.20_04_28_00_36_39_8628/cpu_regress.vsof
runs data dir is: /softwares/internal/vmanager/profile/chunks/projects/vmgr
Chunk name is: /softwares/internal/vmanager/profile/chunks/projects/vmgr/60_1c31096c-8913-11ea-ba77-bf8d339d347b.chunk
From offset: 0
To offset: 4294967295
Tue Apr 28 00:42:58 CDT 2020
/softwares/Linux/cadence/INCISIVE152/tools/vmgr/runner/bin/vm_append_to_vsof.pl
printing from file: /home/grads/a/agarwal.220196/CSCE689_labs/final_project/CSCE-689-ProjectSpring20/project_release-master/project/sim/regression/cpu_regress.agarwal.220196.20_04_28_00_36_39_8628/chain_0/error_file.txt
printing to file: /home/grads/a/agarwal.220196/CSCE689_labs/final_project/CSCE-689-ProjectSpring20/project_release-master/project/sim/regression/cpu_regress.agarwal.220196.20_04_28_00_36_39_8628/cpu_regress.vsof
runs data dir is: /softwares/internal/vmanager/profile/chunks/projects/vmgr
Chunk name is: /softwares/internal/vmanager/profile/chunks/projects/vmgr/60_1db2e7e2-8913-11ea-a290-c7702347b654.chunk
From offset: 0
To offset: 4294967295
Tue Apr 28 00:43:17 CDT 2020
/softwares/Linux/cadence/INCISIVE152/tools/vmgr/runner/bin/vm_append_to_vsof.pl
printing from file: /home/grads/a/agarwal.220196/CSCE689_labs/final_project/CSCE-689-ProjectSpring20/project_release-master/project/sim/regression/cpu_regress.agarwal.220196.20_04_28_00_36_39_8628/chain_0/error_file.txt
printing to file: /home/grads/a/agarwal.220196/CSCE689_labs/final_project/CSCE-689-ProjectSpring20/project_release-master/project/sim/regression/cpu_regress.agarwal.220196.20_04_28_00_36_39_8628/cpu_regress.vsof
runs data dir is: /softwares/internal/vmanager/profile/chunks/projects/vmgr
Chunk name is: /softwares/internal/vmanager/profile/chunks/projects/vmgr/60_28ed0d72-8913-11ea-8813-f357009a678d.chunk
From offset: 0
To offset: 4294967295
Tue Apr 28 00:43:19 CDT 2020
/softwares/Linux/cadence/INCISIVE152/tools/vmgr/runner/bin/vm_append_to_vsof.pl
printing from file: /home/grads/a/agarwal.220196/CSCE689_labs/final_project/CSCE-689-ProjectSpring20/project_release-master/project/sim/regression/cpu_regress.agarwal.220196.20_04_28_00_36_39_8628/chain_0/error_file.txt
printing to file: /home/grads/a/agarwal.220196/CSCE689_labs/final_project/CSCE-689-ProjectSpring20/project_release-master/project/sim/regression/cpu_regress.agarwal.220196.20_04_28_00_36_39_8628/cpu_regress.vsof
runs data dir is: /softwares/internal/vmanager/profile/chunks/projects/vmgr
Chunk name is: /softwares/internal/vmanager/profile/chunks/projects/vmgr/60_2a70832c-8913-11ea-91d6-ef0dc16877f6.chunk
From offset: 0
To offset: 4294967295
Tue Apr 28 00:43:20 CDT 2020
/softwares/Linux/cadence/INCISIVE152/tools/vmgr/runner/bin/vm_append_to_vsof.pl
printing from file: /home/grads/a/agarwal.220196/CSCE689_labs/final_project/CSCE-689-ProjectSpring20/project_release-master/project/sim/regression/cpu_regress.agarwal.220196.20_04_28_00_36_39_8628/chain_0/error_file.txt
printing to file: /home/grads/a/agarwal.220196/CSCE689_labs/final_project/CSCE-689-ProjectSpring20/project_release-master/project/sim/regression/cpu_regress.agarwal.220196.20_04_28_00_36_39_8628/cpu_regress.vsof
runs data dir is: /softwares/internal/vmanager/profile/chunks/projects/vmgr
Chunk name is: /softwares/internal/vmanager/profile/chunks/projects/vmgr/60_2ad8ea70-8913-11ea-b953-e31ab35fa537.chunk
From offset: 0
To offset: 4294967295
