[20_04_28_00_36_42] : Master initialized on hera3.ece.tamu.edu with PID 44971
[20_04_28_00_36_42] : Trying to obtain lock
[20_04_28_00_36_43] : Master reincarnation count is: 9
[20_04_28_00_36_43] : Running hearbeat thread
[20_04_28_00_36_43] : Heartbeat initialized
[20_04_28_00_36_43] : Master is launching a new watchdog
[20_04_28_00_36_43] : Successfully launched new watchdog.
[20_04_28_00_36_43] : Starting flow
[20_04_28_00_36_43] : cpu_regress.agarwal.220196.20_04_28_00_36_39_8628_cpu_regress__pre_session--/usr/bin/env--
[20_04_28_00_36_43] : cpu_regress.agarwal.220196.20_04_28_00_36_39_8628_cpu_regress___all_test___test1__run_1--/usr/bin/env--
[20_04_28_00_36_43] : cpu_regress.agarwal.220196.20_04_28_00_36_39_8628_cpu_regress___all_test___test1__run_2--/usr/bin/env--
[20_04_28_00_36_43] : cpu_regress.agarwal.220196.20_04_28_00_36_39_8628_cpu_regress___all_test___test1__run_3--/usr/bin/env--
[20_04_28_00_36_43] : cpu_regress.agarwal.220196.20_04_28_00_36_39_8628_cpu_regress___all_test___test1__run_4--/usr/bin/env--
[20_04_28_00_36_43] : cpu_regress.agarwal.220196.20_04_28_00_36_39_8628_cpu_regress___all_test___test1__run_5--/usr/bin/env--
[20_04_28_00_36_43] : cpu_regress.agarwal.220196.20_04_28_00_36_39_8628_cpu_regress___all_test___test2__run_6--/usr/bin/env--
[20_04_28_00_36_43] : cpu_regress.agarwal.220196.20_04_28_00_36_39_8628_cpu_regress___all_test___test2__run_7--/usr/bin/env--
[20_04_28_00_36_43] : cpu_regress.agarwal.220196.20_04_28_00_36_39_8628_cpu_regress___all_test___test2__run_8--/usr/bin/env--
[20_04_28_00_36_43] : cpu_regress.agarwal.220196.20_04_28_00_36_39_8628_cpu_regress___all_test___test2__run_9--/usr/bin/env--
[20_04_28_00_36_43] : cpu_regress.agarwal.220196.20_04_28_00_36_39_8628_cpu_regress___all_test___test2__run_10--/usr/bin/env--
[20_04_28_00_36_43] : cpu_regress.agarwal.220196.20_04_28_00_36_39_8628_cpu_regress___all_test___test3__run_11--/usr/bin/env--
[20_04_28_00_36_43] : cpu_regress.agarwal.220196.20_04_28_00_36_39_8628_cpu_regress___all_test___test3__run_12--/usr/bin/env--
[20_04_28_00_36_43] : cpu_regress.agarwal.220196.20_04_28_00_36_39_8628_cpu_regress___all_test___test3__run_13--/usr/bin/env--
[20_04_28_00_36_43] : cpu_regress.agarwal.220196.20_04_28_00_36_39_8628_cpu_regress___all_test___test3__run_14--/usr/bin/env--
[20_04_28_00_36_43] : cpu_regress.agarwal.220196.20_04_28_00_36_39_8628_cpu_regress___all_test___test3__run_15--/usr/bin/env--
[20_04_28_00_36_43] : cpu_regress.agarwal.220196.20_04_28_00_36_39_8628_cpu_regress___all_test___test4__run_16--/usr/bin/env--
[20_04_28_00_36_43] : cpu_regress.agarwal.220196.20_04_28_00_36_39_8628_cpu_regress___all_test___test4__run_17--/usr/bin/env--
[20_04_28_00_36_43] : cpu_regress.agarwal.220196.20_04_28_00_36_39_8628_cpu_regress___all_test___test4__run_18--/usr/bin/env--
[20_04_28_00_36_43] : cpu_regress.agarwal.220196.20_04_28_00_36_39_8628_cpu_regress___all_test___test4__run_19--/usr/bin/env--
[20_04_28_00_36_43] : cpu_regress.agarwal.220196.20_04_28_00_36_39_8628_cpu_regress___all_test___test4__run_20--/usr/bin/env--
[20_04_28_00_36_43] : cpu_regress.agarwal.220196.20_04_28_00_36_39_8628_cpu_regress___all_test___test5__run_21--/usr/bin/env--
[20_04_28_00_36_43] : cpu_regress.agarwal.220196.20_04_28_00_36_39_8628_cpu_regress___all_test___test5__run_22--/usr/bin/env--
[20_04_28_00_36_43] : cpu_regress.agarwal.220196.20_04_28_00_36_39_8628_cpu_regress___all_test___test5__run_23--/usr/bin/env--
[20_04_28_00_36_43] : cpu_regress.agarwal.220196.20_04_28_00_36_39_8628_cpu_regress___all_test___test5__run_24--/usr/bin/env--
[20_04_28_00_36_43] : cpu_regress.agarwal.220196.20_04_28_00_36_39_8628_cpu_regress___all_test___test5__run_25--/usr/bin/env--
[20_04_28_00_36_43] : cpu_regress.agarwal.220196.20_04_28_00_36_39_8628_cpu_regress___all_test___test6__run_26--/usr/bin/env--
[20_04_28_00_36_43] : cpu_regress.agarwal.220196.20_04_28_00_36_39_8628_cpu_regress___all_test___test6__run_27--/usr/bin/env--
[20_04_28_00_36_43] : cpu_regress.agarwal.220196.20_04_28_00_36_39_8628_cpu_regress___all_test___test6__run_28--/usr/bin/env--
[20_04_28_00_36_43] : cpu_regress.agarwal.220196.20_04_28_00_36_39_8628_cpu_regress___all_test___test6__run_29--/usr/bin/env--
[20_04_28_00_36_43] : cpu_regress.agarwal.220196.20_04_28_00_36_39_8628_cpu_regress___all_test___test6__run_30--/usr/bin/env--
[20_04_28_00_36_43] : cpu_regress.agarwal.220196.20_04_28_00_36_39_8628_cpu_regress___all_test___test7__run_31--/usr/bin/env--
[20_04_28_00_36_43] : cpu_regress.agarwal.220196.20_04_28_00_36_39_8628_cpu_regress___all_test___test7__run_32--/usr/bin/env--
[20_04_28_00_36_43] : cpu_regress.agarwal.220196.20_04_28_00_36_39_8628_cpu_regress___all_test___test7__run_33--/usr/bin/env--
[20_04_28_00_36_43] : cpu_regress.agarwal.220196.20_04_28_00_36_39_8628_cpu_regress___all_test___test7__run_34--/usr/bin/env--
[20_04_28_00_36_43] : cpu_regress.agarwal.220196.20_04_28_00_36_39_8628_cpu_regress___all_test___test7__run_35--/usr/bin/env--
[20_04_28_00_36_43] : cpu_regress.agarwal.220196.20_04_28_00_36_39_8628_cpu_regress___all_test___test8__run_36--/usr/bin/env--
[20_04_28_00_36_43] : cpu_regress.agarwal.220196.20_04_28_00_36_39_8628_cpu_regress___all_test___test8__run_37--/usr/bin/env--
[20_04_28_00_36_43] : cpu_regress.agarwal.220196.20_04_28_00_36_39_8628_cpu_regress___all_test___test8__run_38--/usr/bin/env--
[20_04_28_00_36_43] : cpu_regress.agarwal.220196.20_04_28_00_36_39_8628_cpu_regress___all_test___test8__run_39--/usr/bin/env--
[20_04_28_00_36_43] : cpu_regress.agarwal.220196.20_04_28_00_36_39_8628_cpu_regress___all_test___test8__run_40--/usr/bin/env--
[20_04_28_00_36_43] : cpu_regress.agarwal.220196.20_04_28_00_36_39_8628_cpu_regress___all_test___test9__run_41--/usr/bin/env--
[20_04_28_00_36_43] : cpu_regress.agarwal.220196.20_04_28_00_36_39_8628_cpu_regress___all_test___test9__run_42--/usr/bin/env--
[20_04_28_00_36_43] : cpu_regress.agarwal.220196.20_04_28_00_36_39_8628_cpu_regress___all_test___test9__run_43--/usr/bin/env--
[20_04_28_00_36_43] : cpu_regress.agarwal.220196.20_04_28_00_36_39_8628_cpu_regress___all_test___test9__run_44--/usr/bin/env--
[20_04_28_00_36_43] : cpu_regress.agarwal.220196.20_04_28_00_36_39_8628_cpu_regress___all_test___test9__run_45--/usr/bin/env--
[20_04_28_00_36_43] : cpu_regress.agarwal.220196.20_04_28_00_36_39_8628_cpu_regress___all_test___test10__run_46--/usr/bin/env--
[20_04_28_00_36_43] : cpu_regress.agarwal.220196.20_04_28_00_36_39_8628_cpu_regress___all_test___test10__run_47--/usr/bin/env--
[20_04_28_00_36_43] : cpu_regress.agarwal.220196.20_04_28_00_36_39_8628_cpu_regress___all_test___test10__run_48--/usr/bin/env--
[20_04_28_00_36_43] : cpu_regress.agarwal.220196.20_04_28_00_36_39_8628_cpu_regress___all_test___test10__run_49--/usr/bin/env--
[20_04_28_00_36_43] : cpu_regress.agarwal.220196.20_04_28_00_36_39_8628_cpu_regress___all_test___test10__run_50--/usr/bin/env--
[20_04_28_00_36_43] : cpu_regress.agarwal.220196.20_04_28_00_36_39_8628_cpu_regress___all_test___test11__run_51--/usr/bin/env--
[20_04_28_00_36_43] : cpu_regress.agarwal.220196.20_04_28_00_36_39_8628_cpu_regress___all_test___test11__run_52--/usr/bin/env--
[20_04_28_00_36_43] : cpu_regress.agarwal.220196.20_04_28_00_36_39_8628_cpu_regress___all_test___test11__run_53--/usr/bin/env--
[20_04_28_00_36_43] : cpu_regress.agarwal.220196.20_04_28_00_36_39_8628_cpu_regress___all_test___test11__run_54--/usr/bin/env--
[20_04_28_00_36_43] : cpu_regress.agarwal.220196.20_04_28_00_36_39_8628_cpu_regress___all_test___test11__run_55--/usr/bin/env--
[20_04_28_00_36_43] : cpu_regress.agarwal.220196.20_04_28_00_36_39_8628_cpu_regress___all_test___test12__run_56--/usr/bin/env--
[20_04_28_00_36_43] : cpu_regress.agarwal.220196.20_04_28_00_36_39_8628_cpu_regress___all_test___test12__run_57--/usr/bin/env--
[20_04_28_00_36_43] : cpu_regress.agarwal.220196.20_04_28_00_36_39_8628_cpu_regress___all_test___test12__run_58--/usr/bin/env--
[20_04_28_00_36_43] : cpu_regress.agarwal.220196.20_04_28_00_36_39_8628_cpu_regress___all_test___test12__run_59--/usr/bin/env--
[20_04_28_00_36_43] : cpu_regress.agarwal.220196.20_04_28_00_36_39_8628_cpu_regress___all_test___test12__run_60--/usr/bin/env--
[20_04_28_00_36_43] : cpu_regress.agarwal.220196.20_04_28_00_36_39_8628_cpu_regress___all_test___test13__run_61--/usr/bin/env--
[20_04_28_00_36_43] : cpu_regress.agarwal.220196.20_04_28_00_36_39_8628_cpu_regress___all_test___test13__run_62--/usr/bin/env--
[20_04_28_00_36_43] : cpu_regress.agarwal.220196.20_04_28_00_36_39_8628_cpu_regress___all_test___test13__run_63--/usr/bin/env--
[20_04_28_00_36_43] : cpu_regress.agarwal.220196.20_04_28_00_36_39_8628_cpu_regress___all_test___test13__run_64--/usr/bin/env--
[20_04_28_00_36_43] : cpu_regress.agarwal.220196.20_04_28_00_36_39_8628_cpu_regress___all_test___test13__run_65--/usr/bin/env--
[20_04_28_00_36_44] : cpu_regress.agarwal.220196.20_04_28_00_36_39_8628_cpu_regress___all_test___test14__run_66--/usr/bin/env--
[20_04_28_00_36_44] : cpu_regress.agarwal.220196.20_04_28_00_36_39_8628_cpu_regress___all_test___test14__run_67--/usr/bin/env--
[20_04_28_00_36_44] : cpu_regress.agarwal.220196.20_04_28_00_36_39_8628_cpu_regress___all_test___test14__run_68--/usr/bin/env--
[20_04_28_00_36_44] : cpu_regress.agarwal.220196.20_04_28_00_36_39_8628_cpu_regress___all_test___test14__run_69--/usr/bin/env--
[20_04_28_00_36_44] : cpu_regress.agarwal.220196.20_04_28_00_36_39_8628_cpu_regress___all_test___test14__run_70--/usr/bin/env--
[20_04_28_00_36_44] : cpu_regress.agarwal.220196.20_04_28_00_36_39_8628_cpu_regress___all_test___test15__run_71--/usr/bin/env--
[20_04_28_00_36_44] : cpu_regress.agarwal.220196.20_04_28_00_36_39_8628_cpu_regress___all_test___test15__run_72--/usr/bin/env--
[20_04_28_00_36_44] : cpu_regress.agarwal.220196.20_04_28_00_36_39_8628_cpu_regress___all_test___test15__run_73--/usr/bin/env--
[20_04_28_00_36_44] : cpu_regress.agarwal.220196.20_04_28_00_36_39_8628_cpu_regress___all_test___test15__run_74--/usr/bin/env--
[20_04_28_00_36_44] : cpu_regress.agarwal.220196.20_04_28_00_36_39_8628_cpu_regress___all_test___test15__run_75--/usr/bin/env--
[20_04_28_00_36_44] : cpu_regress.agarwal.220196.20_04_28_00_36_39_8628_cpu_regress___all_test___test16__run_76--/usr/bin/env--
[20_04_28_00_36_44] : cpu_regress.agarwal.220196.20_04_28_00_36_39_8628_cpu_regress___all_test___test16__run_77--/usr/bin/env--
[20_04_28_00_36_44] : cpu_regress.agarwal.220196.20_04_28_00_36_39_8628_cpu_regress___all_test___test16__run_78--/usr/bin/env--
[20_04_28_00_36_44] : cpu_regress.agarwal.220196.20_04_28_00_36_39_8628_cpu_regress___all_test___test16__run_79--/usr/bin/env--
[20_04_28_00_36_44] : cpu_regress.agarwal.220196.20_04_28_00_36_39_8628_cpu_regress___all_test___test16__run_80--/usr/bin/env--
[20_04_28_00_36_44] : cpu_regress.agarwal.220196.20_04_28_00_36_39_8628_cpu_regress___all_test___test17__run_81--/usr/bin/env--
[20_04_28_00_36_44] : cpu_regress.agarwal.220196.20_04_28_00_36_39_8628_cpu_regress___all_test___test17__run_82--/usr/bin/env--
[20_04_28_00_36_44] : cpu_regress.agarwal.220196.20_04_28_00_36_39_8628_cpu_regress___all_test___test17__run_83--/usr/bin/env--
[20_04_28_00_36_44] : cpu_regress.agarwal.220196.20_04_28_00_36_39_8628_cpu_regress___all_test___test17__run_84--/usr/bin/env--
[20_04_28_00_36_44] : cpu_regress.agarwal.220196.20_04_28_00_36_39_8628_cpu_regress___all_test___test17__run_85--/usr/bin/env--
[20_04_28_00_36_44] : cpu_regress.agarwal.220196.20_04_28_00_36_39_8628_cpu_regress___all_test___test18__run_86--/usr/bin/env--
[20_04_28_00_36_44] : cpu_regress.agarwal.220196.20_04_28_00_36_39_8628_cpu_regress___all_test___test18__run_87--/usr/bin/env--
[20_04_28_00_36_44] : cpu_regress.agarwal.220196.20_04_28_00_36_39_8628_cpu_regress___all_test___test18__run_88--/usr/bin/env--
[20_04_28_00_36_44] : cpu_regress.agarwal.220196.20_04_28_00_36_39_8628_cpu_regress___all_test___test18__run_89--/usr/bin/env--
[20_04_28_00_36_44] : cpu_regress.agarwal.220196.20_04_28_00_36_39_8628_cpu_regress___all_test___test18__run_90--/usr/bin/env--
[20_04_28_00_36_44] : cpu_regress.agarwal.220196.20_04_28_00_36_39_8628_cpu_regress___all_test___test19__run_91--/usr/bin/env--
[20_04_28_00_36_44] : cpu_regress.agarwal.220196.20_04_28_00_36_39_8628_cpu_regress___all_test___test19__run_92--/usr/bin/env--
[20_04_28_00_36_44] : cpu_regress.agarwal.220196.20_04_28_00_36_39_8628_cpu_regress___all_test___test19__run_93--/usr/bin/env--
[20_04_28_00_36_44] : cpu_regress.agarwal.220196.20_04_28_00_36_39_8628_cpu_regress___all_test___test19__run_94--/usr/bin/env--
[20_04_28_00_36_44] : cpu_regress.agarwal.220196.20_04_28_00_36_39_8628_cpu_regress___all_test___test19__run_95--/usr/bin/env--
[20_04_28_00_36_44] : cpu_regress.agarwal.220196.20_04_28_00_36_39_8628_cpu_regress___all_test___test20__run_96--/usr/bin/env--
[20_04_28_00_36_44] : cpu_regress.agarwal.220196.20_04_28_00_36_39_8628_cpu_regress___all_test___test20__run_97--/usr/bin/env--
[20_04_28_00_36_44] : cpu_regress.agarwal.220196.20_04_28_00_36_39_8628_cpu_regress___all_test___test20__run_98--/usr/bin/env--
[20_04_28_00_36_44] : cpu_regress.agarwal.220196.20_04_28_00_36_39_8628_cpu_regress___all_test___test20__run_99--/usr/bin/env--
[20_04_28_00_36_44] : cpu_regress.agarwal.220196.20_04_28_00_36_39_8628_cpu_regress___all_test___test20__run_100--/usr/bin/env--
[20_04_28_00_36_44] : cpu_regress.agarwal.220196.20_04_28_00_36_39_8628_cpu_regress___all_test___test21__run_101--/usr/bin/env--
[20_04_28_00_36_44] : cpu_regress.agarwal.220196.20_04_28_00_36_39_8628_cpu_regress___all_test___test21__run_102--/usr/bin/env--
[20_04_28_00_36_44] : cpu_regress.agarwal.220196.20_04_28_00_36_39_8628_cpu_regress___all_test___test21__run_103--/usr/bin/env--
[20_04_28_00_36_44] : cpu_regress.agarwal.220196.20_04_28_00_36_39_8628_cpu_regress___all_test___test21__run_104--/usr/bin/env--
[20_04_28_00_36_44] : cpu_regress.agarwal.220196.20_04_28_00_36_39_8628_cpu_regress___all_test___test21__run_105--/usr/bin/env--
[20_04_28_00_36_44] : cpu_regress.agarwal.220196.20_04_28_00_36_39_8628_cpu_regress___all_test___test22__run_106--/usr/bin/env--
[20_04_28_00_36_44] : cpu_regress.agarwal.220196.20_04_28_00_36_39_8628_cpu_regress___all_test___test22__run_107--/usr/bin/env--
[20_04_28_00_36_44] : cpu_regress.agarwal.220196.20_04_28_00_36_39_8628_cpu_regress___all_test___test22__run_108--/usr/bin/env--
[20_04_28_00_36_44] : cpu_regress.agarwal.220196.20_04_28_00_36_39_8628_cpu_regress___all_test___test22__run_109--/usr/bin/env--
[20_04_28_00_36_44] : cpu_regress.agarwal.220196.20_04_28_00_36_39_8628_cpu_regress___all_test___test22__run_110--/usr/bin/env--
[20_04_28_00_36_44] : cpu_regress.agarwal.220196.20_04_28_00_36_39_8628_cpu_regress___all_test___test23__run_111--/usr/bin/env--
[20_04_28_00_36_44] : cpu_regress.agarwal.220196.20_04_28_00_36_39_8628_cpu_regress___all_test___test23__run_112--/usr/bin/env--
[20_04_28_00_36_44] : cpu_regress.agarwal.220196.20_04_28_00_36_39_8628_cpu_regress___all_test___test23__run_113--/usr/bin/env--
[20_04_28_00_36_44] : cpu_regress.agarwal.220196.20_04_28_00_36_39_8628_cpu_regress___all_test___test23__run_114--/usr/bin/env--
[20_04_28_00_36_44] : cpu_regress.agarwal.220196.20_04_28_00_36_39_8628_cpu_regress___all_test___test23__run_115--/usr/bin/env--
[20_04_28_00_36_44] : cpu_regress.agarwal.220196.20_04_28_00_36_39_8628_cpu_regress___all_test___test24__run_116--/usr/bin/env--
[20_04_28_00_36_44] : cpu_regress.agarwal.220196.20_04_28_00_36_39_8628_cpu_regress___all_test___test24__run_117--/usr/bin/env--
[20_04_28_00_36_44] : cpu_regress.agarwal.220196.20_04_28_00_36_39_8628_cpu_regress___all_test___test24__run_118--/usr/bin/env--
[20_04_28_00_36_44] : cpu_regress.agarwal.220196.20_04_28_00_36_39_8628_cpu_regress___all_test___test24__run_119--/usr/bin/env--
[20_04_28_00_36_44] : cpu_regress.agarwal.220196.20_04_28_00_36_39_8628_cpu_regress___all_test___test24__run_120--/usr/bin/env--
[20_04_28_00_36_44] : cpu_regress.agarwal.220196.20_04_28_00_36_39_8628_cpu_regress___all_test___test25__run_121--/usr/bin/env--
[20_04_28_00_36_44] : cpu_regress.agarwal.220196.20_04_28_00_36_39_8628_cpu_regress___all_test___test25__run_122--/usr/bin/env--
[20_04_28_00_36_44] : cpu_regress.agarwal.220196.20_04_28_00_36_39_8628_cpu_regress___all_test___test25__run_123--/usr/bin/env--
[20_04_28_00_36_44] : cpu_regress.agarwal.220196.20_04_28_00_36_39_8628_cpu_regress___all_test___test25__run_124--/usr/bin/env--
[20_04_28_00_36_44] : cpu_regress.agarwal.220196.20_04_28_00_36_39_8628_cpu_regress___all_test___test25__run_125--/usr/bin/env--
[20_04_28_00_36_44] : cpu_regress.agarwal.220196.20_04_28_00_36_39_8628_cpu_regress___all_test___test26__run_126--/usr/bin/env--
[20_04_28_00_36_44] : cpu_regress.agarwal.220196.20_04_28_00_36_39_8628_cpu_regress___all_test___test26__run_127--/usr/bin/env--
[20_04_28_00_36_44] : cpu_regress.agarwal.220196.20_04_28_00_36_39_8628_cpu_regress___all_test___test26__run_128--/usr/bin/env--
[20_04_28_00_36_44] : cpu_regress.agarwal.220196.20_04_28_00_36_39_8628_cpu_regress___all_test___test26__run_129--/usr/bin/env--
[20_04_28_00_36_44] : cpu_regress.agarwal.220196.20_04_28_00_36_39_8628_cpu_regress___all_test___test26__run_130--/usr/bin/env--
[20_04_28_00_36_44] : cpu_regress.agarwal.220196.20_04_28_00_36_39_8628_cpu_regress___all_test___test27__run_131--/usr/bin/env--
[20_04_28_00_36_44] : cpu_regress.agarwal.220196.20_04_28_00_36_39_8628_cpu_regress___all_test___test27__run_132--/usr/bin/env--
[20_04_28_00_36_44] : cpu_regress.agarwal.220196.20_04_28_00_36_39_8628_cpu_regress___all_test___test27__run_133--/usr/bin/env--
[20_04_28_00_36_44] : cpu_regress.agarwal.220196.20_04_28_00_36_39_8628_cpu_regress___all_test___test27__run_134--/usr/bin/env--
[20_04_28_00_36_44] : cpu_regress.agarwal.220196.20_04_28_00_36_39_8628_cpu_regress___all_test___test27__run_135--/usr/bin/env--
[20_04_28_00_36_44] : cpu_regress.agarwal.220196.20_04_28_00_36_39_8628_cpu_regress___all_test___test28__run_136--/usr/bin/env--
[20_04_28_00_36_44] : cpu_regress.agarwal.220196.20_04_28_00_36_39_8628_cpu_regress___all_test___test28__run_137--/usr/bin/env--
[20_04_28_00_36_44] : cpu_regress.agarwal.220196.20_04_28_00_36_39_8628_cpu_regress___all_test___test28__run_138--/usr/bin/env--
[20_04_28_00_36_44] : cpu_regress.agarwal.220196.20_04_28_00_36_39_8628_cpu_regress___all_test___test28__run_139--/usr/bin/env--
[20_04_28_00_36_44] : cpu_regress.agarwal.220196.20_04_28_00_36_39_8628_cpu_regress___all_test___test28__run_140--/usr/bin/env--
[20_04_28_00_36_44] : cpu_regress.agarwal.220196.20_04_28_00_36_39_8628_cpu_regress___all_test___test29__run_141--/usr/bin/env--
[20_04_28_00_36_44] : cpu_regress.agarwal.220196.20_04_28_00_36_39_8628_cpu_regress___all_test___test29__run_142--/usr/bin/env--
[20_04_28_00_36_44] : cpu_regress.agarwal.220196.20_04_28_00_36_39_8628_cpu_regress___all_test___test29__run_143--/usr/bin/env--
[20_04_28_00_36_44] : cpu_regress.agarwal.220196.20_04_28_00_36_39_8628_cpu_regress___all_test___test29__run_144--/usr/bin/env--
[20_04_28_00_36_44] : cpu_regress.agarwal.220196.20_04_28_00_36_39_8628_cpu_regress___all_test___test29__run_145--/usr/bin/env--
[20_04_28_00_36_44] : cpu_regress.agarwal.220196.20_04_28_00_36_39_8628_cpu_regress___all_test___test30__run_146--/usr/bin/env--
[20_04_28_00_36_44] : cpu_regress.agarwal.220196.20_04_28_00_36_39_8628_cpu_regress___all_test___test30__run_147--/usr/bin/env--
[20_04_28_00_36_44] : cpu_regress.agarwal.220196.20_04_28_00_36_39_8628_cpu_regress___all_test___test30__run_148--/usr/bin/env--
[20_04_28_00_36_44] : cpu_regress.agarwal.220196.20_04_28_00_36_39_8628_cpu_regress___all_test___test30__run_149--/usr/bin/env--
[20_04_28_00_36_44] : cpu_regress.agarwal.220196.20_04_28_00_36_39_8628_cpu_regress___all_test___test30__run_150--/usr/bin/env--
[20_04_28_00_36_44] : cpu_regress.agarwal.220196.20_04_28_00_36_39_8628_cpu_regress___all_test___test31__run_151--/usr/bin/env--
[20_04_28_00_36_44] : cpu_regress.agarwal.220196.20_04_28_00_36_39_8628_cpu_regress___all_test___test31__run_152--/usr/bin/env--
[20_04_28_00_36_44] : cpu_regress.agarwal.220196.20_04_28_00_36_39_8628_cpu_regress___all_test___test31__run_153--/usr/bin/env--
[20_04_28_00_36_44] : cpu_regress.agarwal.220196.20_04_28_00_36_39_8628_cpu_regress___all_test___test31__run_154--/usr/bin/env--
[20_04_28_00_36_44] : cpu_regress.agarwal.220196.20_04_28_00_36_39_8628_cpu_regress___all_test___test31__run_155--/usr/bin/env--
[20_04_28_00_36_44] : cpu_regress.agarwal.220196.20_04_28_00_36_39_8628_cpu_regress___all_test___test32__run_156--/usr/bin/env--
[20_04_28_00_36_44] : cpu_regress.agarwal.220196.20_04_28_00_36_39_8628_cpu_regress___all_test___test32__run_157--/usr/bin/env--
[20_04_28_00_36_44] : cpu_regress.agarwal.220196.20_04_28_00_36_39_8628_cpu_regress___all_test___test32__run_158--/usr/bin/env--
[20_04_28_00_36_44] : cpu_regress.agarwal.220196.20_04_28_00_36_39_8628_cpu_regress___all_test___test32__run_159--/usr/bin/env--
[20_04_28_00_36_44] : cpu_regress.agarwal.220196.20_04_28_00_36_39_8628_cpu_regress___all_test___test32__run_160--/usr/bin/env--
[20_04_28_00_36_44] : cpu_regress.agarwal.220196.20_04_28_00_36_39_8628_cpu_regress___all_test___test33__run_161--/usr/bin/env--
[20_04_28_00_36_44] : cpu_regress.agarwal.220196.20_04_28_00_36_39_8628_cpu_regress___all_test___test33__run_162--/usr/bin/env--
[20_04_28_00_36_44] : cpu_regress.agarwal.220196.20_04_28_00_36_39_8628_cpu_regress___all_test___test33__run_163--/usr/bin/env--
[20_04_28_00_36_44] : cpu_regress.agarwal.220196.20_04_28_00_36_39_8628_cpu_regress___all_test___test33__run_164--/usr/bin/env--
[20_04_28_00_36_44] : cpu_regress.agarwal.220196.20_04_28_00_36_39_8628_cpu_regress___all_test___test33__run_165--/usr/bin/env--
[20_04_28_00_36_44] : cpu_regress.agarwal.220196.20_04_28_00_36_39_8628_cpu_regress___all_test___test34__run_166--/usr/bin/env--
[20_04_28_00_36_44] : cpu_regress.agarwal.220196.20_04_28_00_36_39_8628_cpu_regress___all_test___test34__run_167--/usr/bin/env--
[20_04_28_00_36_44] : cpu_regress.agarwal.220196.20_04_28_00_36_39_8628_cpu_regress___all_test___test34__run_168--/usr/bin/env--
[20_04_28_00_36_44] : cpu_regress.agarwal.220196.20_04_28_00_36_39_8628_cpu_regress___all_test___test34__run_169--/usr/bin/env--
[20_04_28_00_36_44] : cpu_regress.agarwal.220196.20_04_28_00_36_39_8628_cpu_regress___all_test___test34__run_170--/usr/bin/env--
[20_04_28_00_36_44] : cpu_regress.agarwal.220196.20_04_28_00_36_39_8628_cpu_regress___all_test___test35__run_171--/usr/bin/env--
[20_04_28_00_36_44] : cpu_regress.agarwal.220196.20_04_28_00_36_39_8628_cpu_regress___all_test___test35__run_172--/usr/bin/env--
[20_04_28_00_36_44] : cpu_regress.agarwal.220196.20_04_28_00_36_39_8628_cpu_regress___all_test___test35__run_173--/usr/bin/env--
[20_04_28_00_36_44] : cpu_regress.agarwal.220196.20_04_28_00_36_39_8628_cpu_regress___all_test___test35__run_174--/usr/bin/env--
[20_04_28_00_36_44] : cpu_regress.agarwal.220196.20_04_28_00_36_39_8628_cpu_regress___all_test___test35__run_175--/usr/bin/env--
[20_04_28_00_36_44] : cpu_regress.agarwal.220196.20_04_28_00_36_39_8628_cpu_regress___all_test___test36__run_176--/usr/bin/env--
[20_04_28_00_36_44] : cpu_regress.agarwal.220196.20_04_28_00_36_39_8628_cpu_regress___all_test___test36__run_177--/usr/bin/env--
[20_04_28_00_36_44] : cpu_regress.agarwal.220196.20_04_28_00_36_39_8628_cpu_regress___all_test___test36__run_178--/usr/bin/env--
[20_04_28_00_36_44] : cpu_regress.agarwal.220196.20_04_28_00_36_39_8628_cpu_regress___all_test___test36__run_179--/usr/bin/env--
[20_04_28_00_36_44] : cpu_regress.agarwal.220196.20_04_28_00_36_39_8628_cpu_regress___all_test___test36__run_180--/usr/bin/env--
[20_04_28_00_36_44] : cpu_regress.agarwal.220196.20_04_28_00_36_39_8628_cpu_regress___all_test___test37__run_181--/usr/bin/env--
[20_04_28_00_36_44] : cpu_regress.agarwal.220196.20_04_28_00_36_39_8628_cpu_regress___all_test___test37__run_182--/usr/bin/env--
[20_04_28_00_36_44] : cpu_regress.agarwal.220196.20_04_28_00_36_39_8628_cpu_regress___all_test___test37__run_183--/usr/bin/env--
[20_04_28_00_36_44] : cpu_regress.agarwal.220196.20_04_28_00_36_39_8628_cpu_regress___all_test___test37__run_184--/usr/bin/env--
[20_04_28_00_36_44] : cpu_regress.agarwal.220196.20_04_28_00_36_39_8628_cpu_regress___all_test___test37__run_185--/usr/bin/env--
[20_04_28_00_36_44] : cpu_regress.agarwal.220196.20_04_28_00_36_39_8628_cpu_regress___all_test___test38__run_186--/usr/bin/env--
[20_04_28_00_36_44] : cpu_regress.agarwal.220196.20_04_28_00_36_39_8628_cpu_regress___all_test___test38__run_187--/usr/bin/env--
[20_04_28_00_36_44] : cpu_regress.agarwal.220196.20_04_28_00_36_39_8628_cpu_regress___all_test___test38__run_188--/usr/bin/env--
[20_04_28_00_36_44] : cpu_regress.agarwal.220196.20_04_28_00_36_39_8628_cpu_regress___all_test___test38__run_189--/usr/bin/env--
[20_04_28_00_36_44] : cpu_regress.agarwal.220196.20_04_28_00_36_39_8628_cpu_regress___all_test___test38__run_190--/usr/bin/env--
[20_04_28_00_36_44] : cpu_regress.agarwal.220196.20_04_28_00_36_39_8628_cpu_regress___all_test___test39__run_191--/usr/bin/env--
[20_04_28_00_36_44] : cpu_regress.agarwal.220196.20_04_28_00_36_39_8628_cpu_regress___all_test___test39__run_192--/usr/bin/env--
[20_04_28_00_36_44] : cpu_regress.agarwal.220196.20_04_28_00_36_39_8628_cpu_regress___all_test___test39__run_193--/usr/bin/env--
[20_04_28_00_36_44] : cpu_regress.agarwal.220196.20_04_28_00_36_39_8628_cpu_regress___all_test___test39__run_194--/usr/bin/env--
[20_04_28_00_36_44] : cpu_regress.agarwal.220196.20_04_28_00_36_39_8628_cpu_regress___all_test___test39__run_195--/usr/bin/env--
[20_04_28_00_36_44] : cpu_regress.agarwal.220196.20_04_28_00_36_39_8628_cpu_regress___all_test___test40__run_196--/usr/bin/env--
[20_04_28_00_36_44] : cpu_regress.agarwal.220196.20_04_28_00_36_39_8628_cpu_regress___all_test___test40__run_197--/usr/bin/env--
[20_04_28_00_36_44] : cpu_regress.agarwal.220196.20_04_28_00_36_39_8628_cpu_regress___all_test___test40__run_198--/usr/bin/env--
[20_04_28_00_36_44] : cpu_regress.agarwal.220196.20_04_28_00_36_39_8628_cpu_regress___all_test___test40__run_199--/usr/bin/env--
[20_04_28_00_36_44] : cpu_regress.agarwal.220196.20_04_28_00_36_39_8628_cpu_regress___all_test___test40__run_200--/usr/bin/env--
[20_04_28_00_36_44] : cpu_regress.agarwal.220196.20_04_28_00_36_39_8628_cpu_regress___all_test___test41__run_201--/usr/bin/env--
[20_04_28_00_36_44] : cpu_regress.agarwal.220196.20_04_28_00_36_39_8628_cpu_regress___all_test___test41__run_202--/usr/bin/env--
[20_04_28_00_36_44] : cpu_regress.agarwal.220196.20_04_28_00_36_39_8628_cpu_regress___all_test___test41__run_203--/usr/bin/env--
[20_04_28_00_36_44] : cpu_regress.agarwal.220196.20_04_28_00_36_39_8628_cpu_regress___all_test___test41__run_204--/usr/bin/env--
[20_04_28_00_36_44] : cpu_regress.agarwal.220196.20_04_28_00_36_39_8628_cpu_regress___all_test___test41__run_205--/usr/bin/env--
[20_04_28_00_36_44] : cpu_regress.agarwal.220196.20_04_28_00_36_39_8628_cpu_regress___all_test___test42__run_206--/usr/bin/env--
[20_04_28_00_36_44] : cpu_regress.agarwal.220196.20_04_28_00_36_39_8628_cpu_regress___all_test___test42__run_207--/usr/bin/env--
[20_04_28_00_36_44] : cpu_regress.agarwal.220196.20_04_28_00_36_39_8628_cpu_regress___all_test___test42__run_208--/usr/bin/env--
[20_04_28_00_36_44] : cpu_regress.agarwal.220196.20_04_28_00_36_39_8628_cpu_regress___all_test___test42__run_209--/usr/bin/env--
[20_04_28_00_36_44] : cpu_regress.agarwal.220196.20_04_28_00_36_39_8628_cpu_regress___all_test___test42__run_210--/usr/bin/env--
[20_04_28_00_36_44] : cpu_regress.agarwal.220196.20_04_28_00_36_39_8628_cpu_regress___all_test___test43__run_211--/usr/bin/env--
[20_04_28_00_36_44] : cpu_regress.agarwal.220196.20_04_28_00_36_39_8628_cpu_regress___all_test___test43__run_212--/usr/bin/env--
[20_04_28_00_36_44] : cpu_regress.agarwal.220196.20_04_28_00_36_39_8628_cpu_regress___all_test___test43__run_213--/usr/bin/env--
[20_04_28_00_36_44] : cpu_regress.agarwal.220196.20_04_28_00_36_39_8628_cpu_regress___all_test___test43__run_214--/usr/bin/env--
[20_04_28_00_36_44] : cpu_regress.agarwal.220196.20_04_28_00_36_39_8628_cpu_regress___all_test___test43__run_215--/usr/bin/env--
[20_04_28_00_36_44] : cpu_regress.agarwal.220196.20_04_28_00_36_39_8628_cpu_regress___all_test___test44__run_216--/usr/bin/env--
[20_04_28_00_36_44] : cpu_regress.agarwal.220196.20_04_28_00_36_39_8628_cpu_regress___all_test___test44__run_217--/usr/bin/env--
[20_04_28_00_36_44] : cpu_regress.agarwal.220196.20_04_28_00_36_39_8628_cpu_regress___all_test___test44__run_218--/usr/bin/env--
[20_04_28_00_36_44] : cpu_regress.agarwal.220196.20_04_28_00_36_39_8628_cpu_regress___all_test___test44__run_219--/usr/bin/env--
[20_04_28_00_36_44] : cpu_regress.agarwal.220196.20_04_28_00_36_39_8628_cpu_regress___all_test___test44__run_220--/usr/bin/env--
[20_04_28_00_36_44] : cpu_regress.agarwal.220196.20_04_28_00_36_39_8628_cpu_regress___all_test___test45__run_221--/usr/bin/env--
[20_04_28_00_36_44] : cpu_regress.agarwal.220196.20_04_28_00_36_39_8628_cpu_regress___all_test___test45__run_222--/usr/bin/env--
[20_04_28_00_36_44] : cpu_regress.agarwal.220196.20_04_28_00_36_39_8628_cpu_regress___all_test___test45__run_223--/usr/bin/env--
[20_04_28_00_36_44] : cpu_regress.agarwal.220196.20_04_28_00_36_39_8628_cpu_regress___all_test___test45__run_224--/usr/bin/env--
[20_04_28_00_36_44] : cpu_regress.agarwal.220196.20_04_28_00_36_39_8628_cpu_regress___all_test___test45__run_225--/usr/bin/env--
[20_04_28_00_36_44] : cpu_regress.agarwal.220196.20_04_28_00_36_39_8628_cpu_regress___all_test___test46__run_226--/usr/bin/env--
[20_04_28_00_36_44] : cpu_regress.agarwal.220196.20_04_28_00_36_39_8628_cpu_regress___all_test___test46__run_227--/usr/bin/env--
[20_04_28_00_36_44] : cpu_regress.agarwal.220196.20_04_28_00_36_39_8628_cpu_regress___all_test___test46__run_228--/usr/bin/env--
[20_04_28_00_36_44] : cpu_regress.agarwal.220196.20_04_28_00_36_39_8628_cpu_regress___all_test___test46__run_229--/usr/bin/env--
[20_04_28_00_36_44] : cpu_regress.agarwal.220196.20_04_28_00_36_39_8628_cpu_regress___all_test___test46__run_230--/usr/bin/env--
[20_04_28_00_36_44] : cpu_regress.agarwal.220196.20_04_28_00_36_39_8628_cpu_regress___all_test___test47__run_231--/usr/bin/env--
[20_04_28_00_36_44] : cpu_regress.agarwal.220196.20_04_28_00_36_39_8628_cpu_regress___all_test___test47__run_232--/usr/bin/env--
[20_04_28_00_36_44] : cpu_regress.agarwal.220196.20_04_28_00_36_39_8628_cpu_regress___all_test___test47__run_233--/usr/bin/env--
[20_04_28_00_36_44] : cpu_regress.agarwal.220196.20_04_28_00_36_39_8628_cpu_regress___all_test___test47__run_234--/usr/bin/env--
[20_04_28_00_36_44] : cpu_regress.agarwal.220196.20_04_28_00_36_39_8628_cpu_regress___all_test___test47__run_235--/usr/bin/env--
[20_04_28_00_36_44] : cpu_regress.agarwal.220196.20_04_28_00_36_39_8628_cpu_regress___all_test___test48__run_236--/usr/bin/env--
[20_04_28_00_36_44] : cpu_regress.agarwal.220196.20_04_28_00_36_39_8628_cpu_regress___all_test___test48__run_237--/usr/bin/env--
[20_04_28_00_36_44] : cpu_regress.agarwal.220196.20_04_28_00_36_39_8628_cpu_regress___all_test___test48__run_238--/usr/bin/env--
[20_04_28_00_36_44] : cpu_regress.agarwal.220196.20_04_28_00_36_39_8628_cpu_regress___all_test___test48__run_239--/usr/bin/env--
[20_04_28_00_36_44] : cpu_regress.agarwal.220196.20_04_28_00_36_39_8628_cpu_regress___all_test___test48__run_240--/usr/bin/env--
[20_04_28_00_36_44] : cpu_regress.agarwal.220196.20_04_28_00_36_39_8628_cpu_regress___all_test___test49__run_241--/usr/bin/env--
[20_04_28_00_36_44] : cpu_regress.agarwal.220196.20_04_28_00_36_39_8628_cpu_regress___all_test___test49__run_242--/usr/bin/env--
[20_04_28_00_36_44] : cpu_regress.agarwal.220196.20_04_28_00_36_39_8628_cpu_regress___all_test___test49__run_243--/usr/bin/env--
[20_04_28_00_36_44] : cpu_regress.agarwal.220196.20_04_28_00_36_39_8628_cpu_regress___all_test___test49__run_244--/usr/bin/env--
[20_04_28_00_36_44] : cpu_regress.agarwal.220196.20_04_28_00_36_39_8628_cpu_regress___all_test___test49__run_245--/usr/bin/env--
[20_04_28_00_36_44] : cpu_regress.agarwal.220196.20_04_28_00_36_39_8628_cpu_regress___all_test___test50__run_246--/usr/bin/env--
[20_04_28_00_36_44] : cpu_regress.agarwal.220196.20_04_28_00_36_39_8628_cpu_regress___all_test___test50__run_247--/usr/bin/env--
[20_04_28_00_36_44] : cpu_regress.agarwal.220196.20_04_28_00_36_39_8628_cpu_regress___all_test___test50__run_248--/usr/bin/env--
[20_04_28_00_36_44] : cpu_regress.agarwal.220196.20_04_28_00_36_39_8628_cpu_regress___all_test___test50__run_249--/usr/bin/env--
[20_04_28_00_36_44] : cpu_regress.agarwal.220196.20_04_28_00_36_39_8628_cpu_regress___all_test___test50__run_250--/usr/bin/env--
[20_04_28_00_36_44] : cpu_regress.agarwal.220196.20_04_28_00_36_39_8628_cpu_regress___all_test___test51__run_251--/usr/bin/env--
[20_04_28_00_36_44] : cpu_regress.agarwal.220196.20_04_28_00_36_39_8628_cpu_regress___all_test___test51__run_252--/usr/bin/env--
[20_04_28_00_36_44] : cpu_regress.agarwal.220196.20_04_28_00_36_39_8628_cpu_regress___all_test___test51__run_253--/usr/bin/env--
[20_04_28_00_36_44] : cpu_regress.agarwal.220196.20_04_28_00_36_39_8628_cpu_regress___all_test___test51__run_254--/usr/bin/env--
[20_04_28_00_36_44] : cpu_regress.agarwal.220196.20_04_28_00_36_39_8628_cpu_regress___all_test___test51__run_255--/usr/bin/env--
[20_04_28_00_36_44] : cpu_regress.agarwal.220196.20_04_28_00_36_39_8628_cpu_regress___all_test___test52__run_256--/usr/bin/env--
[20_04_28_00_36_44] : cpu_regress.agarwal.220196.20_04_28_00_36_39_8628_cpu_regress___all_test___test52__run_257--/usr/bin/env--
[20_04_28_00_36_44] : cpu_regress.agarwal.220196.20_04_28_00_36_39_8628_cpu_regress___all_test___test52__run_258--/usr/bin/env--
[20_04_28_00_36_44] : cpu_regress.agarwal.220196.20_04_28_00_36_39_8628_cpu_regress___all_test___test52__run_259--/usr/bin/env--
[20_04_28_00_36_44] : cpu_regress.agarwal.220196.20_04_28_00_36_39_8628_cpu_regress___all_test___test52__run_260--/usr/bin/env--
[20_04_28_00_36_44] : cpu_regress.agarwal.220196.20_04_28_00_36_39_8628_cpu_regress___all_test___test53__run_261--/usr/bin/env--
[20_04_28_00_36_44] : cpu_regress.agarwal.220196.20_04_28_00_36_39_8628_cpu_regress___all_test___test53__run_262--/usr/bin/env--
[20_04_28_00_36_44] : cpu_regress.agarwal.220196.20_04_28_00_36_39_8628_cpu_regress___all_test___test53__run_263--/usr/bin/env--
[20_04_28_00_36_44] : cpu_regress.agarwal.220196.20_04_28_00_36_39_8628_cpu_regress___all_test___test53__run_264--/usr/bin/env--
[20_04_28_00_36_44] : cpu_regress.agarwal.220196.20_04_28_00_36_39_8628_cpu_regress___all_test___test53__run_265--/usr/bin/env--
[20_04_28_00_36_44] : cpu_regress.agarwal.220196.20_04_28_00_36_39_8628_cpu_regress___all_test___test54__run_266--/usr/bin/env--
[20_04_28_00_36_44] : cpu_regress.agarwal.220196.20_04_28_00_36_39_8628_cpu_regress___all_test___test54__run_267--/usr/bin/env--
[20_04_28_00_36_44] : cpu_regress.agarwal.220196.20_04_28_00_36_39_8628_cpu_regress___all_test___test54__run_268--/usr/bin/env--
[20_04_28_00_36_44] : cpu_regress.agarwal.220196.20_04_28_00_36_39_8628_cpu_regress___all_test___test54__run_269--/usr/bin/env--
[20_04_28_00_36_44] : cpu_regress.agarwal.220196.20_04_28_00_36_39_8628_cpu_regress___all_test___test54__run_270--/usr/bin/env--
[20_04_28_00_36_44] : cpu_regress.agarwal.220196.20_04_28_00_36_39_8628_cpu_regress__post_session--/usr/bin/env-- 
[20_04_28_00_36_44] : ----
[20_04_28_00_36_49] :  <<<<<< Updated job status >>>>>> 
Pending: 271  ,  Ready: 0  ,  Running: 1  ,  Aborted: 0  ,  Teminated: 0  ,  Removed: 0  ,  DRMErr: 0  ,  PAborted: 0  ,  Unknown: 0

[20_04_28_00_36_49] : DRM Id of cpu_regress.agarwal.220196.20_04_28_00_36_39_8628_cpu_regress__pre_session is 45916
[20_04_28_00_36_52] :  <<<<<< Updated job status >>>>>> 
Pending: 270  ,  Ready: 1  ,  Running: 0  ,  Aborted: 0  ,  Teminated: 1  ,  Removed: 0  ,  DRMErr: 0  ,  PAborted: 0  ,  Unknown: 0

[20_04_28_00_36_52] : DRM Id of cpu_regress.agarwal.220196.20_04_28_00_36_39_8628_cpu_regress___all_test___test1__run_1 is 858
[20_04_28_00_36_52] : Updating exit status of cpu_regress.agarwal.220196.20_04_28_00_36_39_8628_cpu_regress__pre_session to 0
[20_04_28_00_36_54] :  <<<<<< Updated job status >>>>>> 
Pending: 270  ,  Ready: 0  ,  Running: 1  ,  Aborted: 0  ,  Teminated: 1  ,  Removed: 0  ,  DRMErr: 0  ,  PAborted: 0  ,  Unknown: 0

[20_04_28_00_37_13] : DPL_MASTER_CNT was set to the default value: 20
[20_04_28_00_37_13] : DPL_MASTER_CNT was set to the default value: 20
[20_04_28_00_37_13] : Updated .done file with iteration counter: 1 for jobName: cpu_regress.agarwal.220196.20_04_28_00_36_39_8628_cpu_regress___all_test___test1__run_1
[20_04_28_00_37_15] : DPL_MASTER_CNT was set to the default value: 20
[20_04_28_00_37_15] : DPL_MASTER_CNT was set to the default value: 20
[20_04_28_00_37_15] : Updated .done file with iteration counter: 2 for jobName: cpu_regress.agarwal.220196.20_04_28_00_36_39_8628_cpu_regress___all_test___test1__run_1
[20_04_28_00_37_17] :  <<<<<< Updated job status >>>>>> 
Pending: 269  ,  Ready: 1  ,  Running: 0  ,  Aborted: 0  ,  Teminated: 2  ,  Removed: 0  ,  DRMErr: 0  ,  PAborted: 0  ,  Unknown: 0

[20_04_28_00_37_17] : DRM Id of cpu_regress.agarwal.220196.20_04_28_00_36_39_8628_cpu_regress___all_test___test1__run_2 is 14065
[20_04_28_00_37_17] : Updating exit status of cpu_regress.agarwal.220196.20_04_28_00_36_39_8628_cpu_regress___all_test___test1__run_1 to 0
[20_04_28_00_37_19] :  <<<<<< Updated job status >>>>>> 
Pending: 269  ,  Ready: 0  ,  Running: 1  ,  Aborted: 0  ,  Teminated: 2  ,  Removed: 0  ,  DRMErr: 0  ,  PAborted: 0  ,  Unknown: 0

[20_04_28_00_37_30] : DPL_MASTER_CNT was set to the default value: 20
[20_04_28_00_37_30] : DPL_MASTER_CNT was set to the default value: 20
[20_04_28_00_37_30] : Updated .done file with iteration counter: 1 for jobName: cpu_regress.agarwal.220196.20_04_28_00_36_39_8628_cpu_regress___all_test___test1__run_2
[20_04_28_00_37_32] : DPL_MASTER_CNT was set to the default value: 20
[20_04_28_00_37_32] : DPL_MASTER_CNT was set to the default value: 20
[20_04_28_00_37_32] : Updated .done file with iteration counter: 2 for jobName: cpu_regress.agarwal.220196.20_04_28_00_36_39_8628_cpu_regress___all_test___test1__run_2
[20_04_28_00_37_34] :  <<<<<< Updated job status >>>>>> 
Pending: 268  ,  Ready: 0  ,  Running: 1  ,  Aborted: 0  ,  Teminated: 3  ,  Removed: 0  ,  DRMErr: 0  ,  PAborted: 0  ,  Unknown: 0

[20_04_28_00_37_34] : DRM Id of cpu_regress.agarwal.220196.20_04_28_00_36_39_8628_cpu_regress___all_test___test1__run_3 is 23538
[20_04_28_00_37_34] : Updating exit status of cpu_regress.agarwal.220196.20_04_28_00_36_39_8628_cpu_regress___all_test___test1__run_2 to 0
[20_04_28_00_37_49] : DPL_MASTER_CNT was set to the default value: 20
[20_04_28_00_37_49] : DPL_MASTER_CNT was set to the default value: 20
[20_04_28_00_37_49] : Updated .done file with iteration counter: 1 for jobName: cpu_regress.agarwal.220196.20_04_28_00_36_39_8628_cpu_regress___all_test___test1__run_3
[20_04_28_00_37_51] :  <<<<<< Updated job status >>>>>> 
Pending: 267  ,  Ready: 1  ,  Running: 0  ,  Aborted: 0  ,  Teminated: 4  ,  Removed: 0  ,  DRMErr: 0  ,  PAborted: 0  ,  Unknown: 0

[20_04_28_00_37_51] : DRM Id of cpu_regress.agarwal.220196.20_04_28_00_36_39_8628_cpu_regress___all_test___test1__run_4 is 33111
[20_04_28_00_37_51] : Updating exit status of cpu_regress.agarwal.220196.20_04_28_00_36_39_8628_cpu_regress___all_test___test1__run_3 to 0
[20_04_28_00_37_55] :  <<<<<< Updated job status >>>>>> 
Pending: 267  ,  Ready: 0  ,  Running: 1  ,  Aborted: 0  ,  Teminated: 4  ,  Removed: 0  ,  DRMErr: 0  ,  PAborted: 0  ,  Unknown: 0

[20_04_28_00_38_06] : DPL_MASTER_CNT was set to the default value: 20
[20_04_28_00_38_06] : DPL_MASTER_CNT was set to the default value: 20
[20_04_28_00_38_06] : Updated .done file with iteration counter: 1 for jobName: cpu_regress.agarwal.220196.20_04_28_00_36_39_8628_cpu_regress___all_test___test1__run_4
[20_04_28_00_38_08] :  <<<<<< Updated job status >>>>>> 
Pending: 266  ,  Ready: 1  ,  Running: 0  ,  Aborted: 0  ,  Teminated: 5  ,  Removed: 0  ,  DRMErr: 0  ,  PAborted: 0  ,  Unknown: 0

[20_04_28_00_38_08] : DRM Id of cpu_regress.agarwal.220196.20_04_28_00_36_39_8628_cpu_regress___all_test___test1__run_5 is 43033
[20_04_28_00_38_08] : Updating exit status of cpu_regress.agarwal.220196.20_04_28_00_36_39_8628_cpu_regress___all_test___test1__run_4 to 0
[20_04_28_00_38_10] :  <<<<<< Updated job status >>>>>> 
Pending: 266  ,  Ready: 0  ,  Running: 1  ,  Aborted: 0  ,  Teminated: 5  ,  Removed: 0  ,  DRMErr: 0  ,  PAborted: 0  ,  Unknown: 0

[20_04_28_00_38_23] : DPL_MASTER_CNT was set to the default value: 20
[20_04_28_00_38_23] : DPL_MASTER_CNT was set to the default value: 20
[20_04_28_00_38_23] : Updated .done file with iteration counter: 1 for jobName: cpu_regress.agarwal.220196.20_04_28_00_36_39_8628_cpu_regress___all_test___test1__run_5
[20_04_28_00_38_25] : DPL_MASTER_CNT was set to the default value: 20
[20_04_28_00_38_25] : DPL_MASTER_CNT was set to the default value: 20
[20_04_28_00_38_25] : Updated .done file with iteration counter: 2 for jobName: cpu_regress.agarwal.220196.20_04_28_00_36_39_8628_cpu_regress___all_test___test1__run_5
[20_04_28_00_38_30] :  <<<<<< Updated job status >>>>>> 
Pending: 265  ,  Ready: 0  ,  Running: 1  ,  Aborted: 0  ,  Teminated: 6  ,  Removed: 0  ,  DRMErr: 0  ,  PAborted: 0  ,  Unknown: 0

[20_04_28_00_38_30] : DRM Id of cpu_regress.agarwal.220196.20_04_28_00_36_39_8628_cpu_regress___all_test___test2__run_6 is 4319
[20_04_28_00_38_30] : Updating exit status of cpu_regress.agarwal.220196.20_04_28_00_36_39_8628_cpu_regress___all_test___test1__run_5 to 0
[20_04_28_00_38_45] : DPL_MASTER_CNT was set to the default value: 20
[20_04_28_00_38_45] : DPL_MASTER_CNT was set to the default value: 20
[20_04_28_00_38_45] : Updated .done file with iteration counter: 1 for jobName: cpu_regress.agarwal.220196.20_04_28_00_36_39_8628_cpu_regress___all_test___test2__run_6
[20_04_28_00_38_47] :  <<<<<< Updated job status >>>>>> 
Pending: 264  ,  Ready: 1  ,  Running: 0  ,  Aborted: 0  ,  Teminated: 7  ,  Removed: 0  ,  DRMErr: 0  ,  PAborted: 0  ,  Unknown: 0

[20_04_28_00_38_47] : DRM Id of cpu_regress.agarwal.220196.20_04_28_00_36_39_8628_cpu_regress___all_test___test2__run_7 is 15124
[20_04_28_00_38_47] : Updating exit status of cpu_regress.agarwal.220196.20_04_28_00_36_39_8628_cpu_regress___all_test___test2__run_6 to 0
[20_04_28_00_38_49] :  <<<<<< Updated job status >>>>>> 
Pending: 264  ,  Ready: 0  ,  Running: 1  ,  Aborted: 0  ,  Teminated: 7  ,  Removed: 0  ,  DRMErr: 0  ,  PAborted: 0  ,  Unknown: 0

[20_04_28_00_39_03] : DPL_MASTER_CNT was set to the default value: 20
[20_04_28_00_39_03] : DPL_MASTER_CNT was set to the default value: 20
[20_04_28_00_39_03] : Updated .done file with iteration counter: 1 for jobName: cpu_regress.agarwal.220196.20_04_28_00_36_39_8628_cpu_regress___all_test___test2__run_7
[20_04_28_00_39_05] :  <<<<<< Updated job status >>>>>> 
Pending: 263  ,  Ready: 1  ,  Running: 0  ,  Aborted: 0  ,  Teminated: 8  ,  Removed: 0  ,  DRMErr: 0  ,  PAborted: 0  ,  Unknown: 0

[20_04_28_00_39_05] : DRM Id of cpu_regress.agarwal.220196.20_04_28_00_36_39_8628_cpu_regress___all_test___test2__run_8 is 24612
[20_04_28_00_39_05] : Updating exit status of cpu_regress.agarwal.220196.20_04_28_00_36_39_8628_cpu_regress___all_test___test2__run_7 to 0
[20_04_28_00_39_07] :  <<<<<< Updated job status >>>>>> 
Pending: 263  ,  Ready: 0  ,  Running: 1  ,  Aborted: 0  ,  Teminated: 8  ,  Removed: 0  ,  DRMErr: 0  ,  PAborted: 0  ,  Unknown: 0

[20_04_28_00_39_20] : DPL_MASTER_CNT was set to the default value: 20
[20_04_28_00_39_20] : DPL_MASTER_CNT was set to the default value: 20
[20_04_28_00_39_20] : Updated .done file with iteration counter: 1 for jobName: cpu_regress.agarwal.220196.20_04_28_00_36_39_8628_cpu_regress___all_test___test2__run_8
[20_04_28_00_39_22] : DPL_MASTER_CNT was set to the default value: 20
[20_04_28_00_39_22] : DPL_MASTER_CNT was set to the default value: 20
[20_04_28_00_39_22] : Updated .done file with iteration counter: 2 for jobName: cpu_regress.agarwal.220196.20_04_28_00_36_39_8628_cpu_regress___all_test___test2__run_8
[20_04_28_00_39_24] :  <<<<<< Updated job status >>>>>> 
Pending: 262  ,  Ready: 0  ,  Running: 1  ,  Aborted: 0  ,  Teminated: 9  ,  Removed: 0  ,  DRMErr: 0  ,  PAborted: 0  ,  Unknown: 0

[20_04_28_00_39_24] : DRM Id of cpu_regress.agarwal.220196.20_04_28_00_36_39_8628_cpu_regress___all_test___test2__run_9 is 34403
[20_04_28_00_39_24] : Updating exit status of cpu_regress.agarwal.220196.20_04_28_00_36_39_8628_cpu_regress___all_test___test2__run_8 to 0
[20_04_28_00_39_37] : DPL_MASTER_CNT was set to the default value: 20
[20_04_28_00_39_37] : DPL_MASTER_CNT was set to the default value: 20
[20_04_28_00_39_37] : Updated .done file with iteration counter: 1 for jobName: cpu_regress.agarwal.220196.20_04_28_00_36_39_8628_cpu_regress___all_test___test2__run_9
[20_04_28_00_39_39] : DPL_MASTER_CNT was set to the default value: 20
[20_04_28_00_39_39] : DPL_MASTER_CNT was set to the default value: 20
[20_04_28_00_39_39] : Updated .done file with iteration counter: 2 for jobName: cpu_regress.agarwal.220196.20_04_28_00_36_39_8628_cpu_regress___all_test___test2__run_9
[20_04_28_00_39_41] :  <<<<<< Updated job status >>>>>> 
Pending: 261  ,  Ready: 0  ,  Running: 1  ,  Aborted: 0  ,  Teminated: 10  ,  Removed: 0  ,  DRMErr: 0  ,  PAborted: 0  ,  Unknown: 0

[20_04_28_00_39_41] : DRM Id of cpu_regress.agarwal.220196.20_04_28_00_36_39_8628_cpu_regress___all_test___test2__run_10 is 44061
[20_04_28_00_39_41] : Updating exit status of cpu_regress.agarwal.220196.20_04_28_00_36_39_8628_cpu_regress___all_test___test2__run_9 to 0
[20_04_28_00_39_56] : DPL_MASTER_CNT was set to the default value: 20
[20_04_28_00_39_56] : DPL_MASTER_CNT was set to the default value: 20
[20_04_28_00_39_56] : Updated .done file with iteration counter: 1 for jobName: cpu_regress.agarwal.220196.20_04_28_00_36_39_8628_cpu_regress___all_test___test2__run_10
[20_04_28_00_39_58] :  <<<<<< Updated job status >>>>>> 
Pending: 260  ,  Ready: 1  ,  Running: 0  ,  Aborted: 0  ,  Teminated: 11  ,  Removed: 0  ,  DRMErr: 0  ,  PAborted: 0  ,  Unknown: 0

[20_04_28_00_39_58] : DRM Id of cpu_regress.agarwal.220196.20_04_28_00_36_39_8628_cpu_regress___all_test___test3__run_11 is 5736
[20_04_28_00_39_58] : Updating exit status of cpu_regress.agarwal.220196.20_04_28_00_36_39_8628_cpu_regress___all_test___test2__run_10 to 0
[20_04_28_00_40_00] :  <<<<<< Updated job status >>>>>> 
Pending: 260  ,  Ready: 0  ,  Running: 1  ,  Aborted: 0  ,  Teminated: 11  ,  Removed: 0  ,  DRMErr: 0  ,  PAborted: 0  ,  Unknown: 0

[20_04_28_00_40_15] : DPL_MASTER_CNT was set to the default value: 20
[20_04_28_00_40_15] : DPL_MASTER_CNT was set to the default value: 20
[20_04_28_00_40_15] : Updated .done file with iteration counter: 1 for jobName: cpu_regress.agarwal.220196.20_04_28_00_36_39_8628_cpu_regress___all_test___test3__run_11
[20_04_28_00_40_17] : DPL_MASTER_CNT was set to the default value: 20
[20_04_28_00_40_17] : DPL_MASTER_CNT was set to the default value: 20
[20_04_28_00_40_17] : Updated .done file with iteration counter: 2 for jobName: cpu_regress.agarwal.220196.20_04_28_00_36_39_8628_cpu_regress___all_test___test3__run_11
[20_04_28_00_40_19] :  <<<<<< Updated job status >>>>>> 
Pending: 259  ,  Ready: 0  ,  Running: 1  ,  Aborted: 0  ,  Teminated: 12  ,  Removed: 0  ,  DRMErr: 0  ,  PAborted: 0  ,  Unknown: 0

[20_04_28_00_40_19] : DRM Id of cpu_regress.agarwal.220196.20_04_28_00_36_39_8628_cpu_regress___all_test___test3__run_12 is 17481
[20_04_28_00_40_19] : Updating exit status of cpu_regress.agarwal.220196.20_04_28_00_36_39_8628_cpu_regress___all_test___test3__run_11 to 0
[20_04_28_00_40_32] : DPL_MASTER_CNT was set to the default value: 20
[20_04_28_00_40_32] : DPL_MASTER_CNT was set to the default value: 20
[20_04_28_00_40_32] : Updated .done file with iteration counter: 1 for jobName: cpu_regress.agarwal.220196.20_04_28_00_36_39_8628_cpu_regress___all_test___test3__run_12
[20_04_28_00_40_34] : DPL_MASTER_CNT was set to the default value: 20
[20_04_28_00_40_34] : DPL_MASTER_CNT was set to the default value: 20
[20_04_28_00_40_34] : Updated .done file with iteration counter: 2 for jobName: cpu_regress.agarwal.220196.20_04_28_00_36_39_8628_cpu_regress___all_test___test3__run_12
[20_04_28_00_40_36] :  <<<<<< Updated job status >>>>>> 
Pending: 258  ,  Ready: 0  ,  Running: 1  ,  Aborted: 0  ,  Teminated: 13  ,  Removed: 0  ,  DRMErr: 0  ,  PAborted: 0  ,  Unknown: 0

[20_04_28_00_40_36] : DRM Id of cpu_regress.agarwal.220196.20_04_28_00_36_39_8628_cpu_regress___all_test___test3__run_13 is 26823
[20_04_28_00_40_36] : Updating exit status of cpu_regress.agarwal.220196.20_04_28_00_36_39_8628_cpu_regress___all_test___test3__run_12 to 0
[20_04_28_00_40_50] : DPL_MASTER_CNT was set to the default value: 20
[20_04_28_00_40_50] : DPL_MASTER_CNT was set to the default value: 20
[20_04_28_00_40_50] : Updated .done file with iteration counter: 1 for jobName: cpu_regress.agarwal.220196.20_04_28_00_36_39_8628_cpu_regress___all_test___test3__run_13
[20_04_28_00_40_52] : DPL_MASTER_CNT was set to the default value: 20
[20_04_28_00_40_52] : DPL_MASTER_CNT was set to the default value: 20
[20_04_28_00_40_52] : Updated .done file with iteration counter: 2 for jobName: cpu_regress.agarwal.220196.20_04_28_00_36_39_8628_cpu_regress___all_test___test3__run_13
[20_04_28_00_40_54] :  <<<<<< Updated job status >>>>>> 
Pending: 257  ,  Ready: 0  ,  Running: 1  ,  Aborted: 0  ,  Teminated: 14  ,  Removed: 0  ,  DRMErr: 0  ,  PAborted: 0  ,  Unknown: 0

[20_04_28_00_40_54] : DRM Id of cpu_regress.agarwal.220196.20_04_28_00_36_39_8628_cpu_regress___all_test___test3__run_14 is 36578
[20_04_28_00_40_54] : Updating exit status of cpu_regress.agarwal.220196.20_04_28_00_36_39_8628_cpu_regress___all_test___test3__run_13 to 0
[20_04_28_00_41_07] : DPL_MASTER_CNT was set to the default value: 20
[20_04_28_00_41_07] : DPL_MASTER_CNT was set to the default value: 20
[20_04_28_00_41_07] : Updated .done file with iteration counter: 1 for jobName: cpu_regress.agarwal.220196.20_04_28_00_36_39_8628_cpu_regress___all_test___test3__run_14
[20_04_28_00_41_09] : DPL_MASTER_CNT was set to the default value: 20
[20_04_28_00_41_09] : DPL_MASTER_CNT was set to the default value: 20
[20_04_28_00_41_09] : Updated .done file with iteration counter: 2 for jobName: cpu_regress.agarwal.220196.20_04_28_00_36_39_8628_cpu_regress___all_test___test3__run_14
[20_04_28_00_41_15] :  <<<<<< Updated job status >>>>>> 
Pending: 256  ,  Ready: 0  ,  Running: 1  ,  Aborted: 0  ,  Teminated: 15  ,  Removed: 0  ,  DRMErr: 0  ,  PAborted: 0  ,  Unknown: 0

[20_04_28_00_41_15] : DRM Id of cpu_regress.agarwal.220196.20_04_28_00_36_39_8628_cpu_regress___all_test___test3__run_15 is 45930
[20_04_28_00_41_15] : Updating exit status of cpu_regress.agarwal.220196.20_04_28_00_36_39_8628_cpu_regress___all_test___test3__run_14 to 0
[20_04_28_00_41_25] : DPL_MASTER_CNT was set to the default value: 20
[20_04_28_00_41_25] : DPL_MASTER_CNT was set to the default value: 20
[20_04_28_00_41_25] : Updated .done file with iteration counter: 1 for jobName: cpu_regress.agarwal.220196.20_04_28_00_36_39_8628_cpu_regress___all_test___test3__run_15
[20_04_28_00_41_27] :  <<<<<< Updated job status >>>>>> 
Pending: 255  ,  Ready: 1  ,  Running: 0  ,  Aborted: 0  ,  Teminated: 16  ,  Removed: 0  ,  DRMErr: 0  ,  PAborted: 0  ,  Unknown: 0

[20_04_28_00_41_27] : DRM Id of cpu_regress.agarwal.220196.20_04_28_00_36_39_8628_cpu_regress___all_test___test4__run_16 is 7170
[20_04_28_00_41_27] : Updating exit status of cpu_regress.agarwal.220196.20_04_28_00_36_39_8628_cpu_regress___all_test___test3__run_15 to 0
[20_04_28_00_41_30] :  <<<<<< Updated job status >>>>>> 
Pending: 255  ,  Ready: 0  ,  Running: 1  ,  Aborted: 0  ,  Teminated: 16  ,  Removed: 0  ,  DRMErr: 0  ,  PAborted: 0  ,  Unknown: 0

[20_04_28_00_41_44] : DPL_MASTER_CNT was set to the default value: 20
[20_04_28_00_41_44] : DPL_MASTER_CNT was set to the default value: 20
[20_04_28_00_41_44] : Updated .done file with iteration counter: 1 for jobName: cpu_regress.agarwal.220196.20_04_28_00_36_39_8628_cpu_regress___all_test___test4__run_16
[20_04_28_00_41_47] : DPL_MASTER_CNT was set to the default value: 20
[20_04_28_00_41_47] : DPL_MASTER_CNT was set to the default value: 20
[20_04_28_00_41_47] : Updated .done file with iteration counter: 2 for jobName: cpu_regress.agarwal.220196.20_04_28_00_36_39_8628_cpu_regress___all_test___test4__run_16
[20_04_28_00_41_49] :  <<<<<< Updated job status >>>>>> 
Pending: 254  ,  Ready: 0  ,  Running: 1  ,  Aborted: 0  ,  Teminated: 17  ,  Removed: 0  ,  DRMErr: 0  ,  PAborted: 0  ,  Unknown: 0

[20_04_28_00_41_49] : DRM Id of cpu_regress.agarwal.220196.20_04_28_00_36_39_8628_cpu_regress___all_test___test4__run_17 is 18261
[20_04_28_00_41_49] : Updating exit status of cpu_regress.agarwal.220196.20_04_28_00_36_39_8628_cpu_regress___all_test___test4__run_16 to 0
[20_04_28_00_42_01] : DPL_MASTER_CNT was set to the default value: 20
[20_04_28_00_42_01] : DPL_MASTER_CNT was set to the default value: 20
[20_04_28_00_42_01] : Updated .done file with iteration counter: 1 for jobName: cpu_regress.agarwal.220196.20_04_28_00_36_39_8628_cpu_regress___all_test___test4__run_17
[20_04_28_00_42_03] : DPL_MASTER_CNT was set to the default value: 20
[20_04_28_00_42_03] : DPL_MASTER_CNT was set to the default value: 20
[20_04_28_00_42_03] : Updated .done file with iteration counter: 2 for jobName: cpu_regress.agarwal.220196.20_04_28_00_36_39_8628_cpu_regress___all_test___test4__run_17
[20_04_28_00_42_05] :  <<<<<< Updated job status >>>>>> 
Pending: 253  ,  Ready: 0  ,  Running: 1  ,  Aborted: 0  ,  Teminated: 18  ,  Removed: 0  ,  DRMErr: 0  ,  PAborted: 0  ,  Unknown: 0

[20_04_28_00_42_05] : DRM Id of cpu_regress.agarwal.220196.20_04_28_00_36_39_8628_cpu_regress___all_test___test4__run_18 is 27911
[20_04_28_00_42_05] : Updating exit status of cpu_regress.agarwal.220196.20_04_28_00_36_39_8628_cpu_regress___all_test___test4__run_17 to 0
[20_04_28_00_42_18] : DPL_MASTER_CNT was set to the default value: 20
[20_04_28_00_42_18] : DPL_MASTER_CNT was set to the default value: 20
[20_04_28_00_42_18] : Updated .done file with iteration counter: 1 for jobName: cpu_regress.agarwal.220196.20_04_28_00_36_39_8628_cpu_regress___all_test___test4__run_18
[20_04_28_00_42_20] : DPL_MASTER_CNT was set to the default value: 20
[20_04_28_00_42_20] : DPL_MASTER_CNT was set to the default value: 20
[20_04_28_00_42_20] : Updated .done file with iteration counter: 2 for jobName: cpu_regress.agarwal.220196.20_04_28_00_36_39_8628_cpu_regress___all_test___test4__run_18
[20_04_28_00_42_22] :  <<<<<< Updated job status >>>>>> 
Pending: 252  ,  Ready: 0  ,  Running: 1  ,  Aborted: 0  ,  Teminated: 19  ,  Removed: 0  ,  DRMErr: 0  ,  PAborted: 0  ,  Unknown: 0

[20_04_28_00_42_22] : DRM Id of cpu_regress.agarwal.220196.20_04_28_00_36_39_8628_cpu_regress___all_test___test4__run_19 is 37458
[20_04_28_00_42_22] : Updating exit status of cpu_regress.agarwal.220196.20_04_28_00_36_39_8628_cpu_regress___all_test___test4__run_18 to 0
[20_04_28_00_42_35] : DPL_MASTER_CNT was set to the default value: 20
[20_04_28_00_42_35] : DPL_MASTER_CNT was set to the default value: 20
[20_04_28_00_42_35] : Updated .done file with iteration counter: 1 for jobName: cpu_regress.agarwal.220196.20_04_28_00_36_39_8628_cpu_regress___all_test___test4__run_19
[20_04_28_00_42_37] : DPL_MASTER_CNT was set to the default value: 20
[20_04_28_00_42_37] : DPL_MASTER_CNT was set to the default value: 20
[20_04_28_00_42_37] : Updated .done file with iteration counter: 2 for jobName: cpu_regress.agarwal.220196.20_04_28_00_36_39_8628_cpu_regress___all_test___test4__run_19
[20_04_28_00_42_39] :  <<<<<< Updated job status >>>>>> 
Pending: 251  ,  Ready: 0  ,  Running: 1  ,  Aborted: 0  ,  Teminated: 20  ,  Removed: 0  ,  DRMErr: 0  ,  PAborted: 0  ,  Unknown: 0

[20_04_28_00_42_39] : DRM Id of cpu_regress.agarwal.220196.20_04_28_00_36_39_8628_cpu_regress___all_test___test4__run_20 is 47202
[20_04_28_00_42_39] : Updating exit status of cpu_regress.agarwal.220196.20_04_28_00_36_39_8628_cpu_regress___all_test___test4__run_19 to 0
[20_04_28_00_42_53] : DPL_MASTER_CNT was set to the default value: 20
[20_04_28_00_42_53] : DPL_MASTER_CNT was set to the default value: 20
[20_04_28_00_42_53] : Updated .done file with iteration counter: 1 for jobName: cpu_regress.agarwal.220196.20_04_28_00_36_39_8628_cpu_regress___all_test___test4__run_20
[20_04_28_00_42_55] :  <<<<<< Updated job status >>>>>> 
Pending: 250  ,  Ready: 1  ,  Running: 0  ,  Aborted: 0  ,  Teminated: 21  ,  Removed: 0  ,  DRMErr: 0  ,  PAborted: 0  ,  Unknown: 0

[20_04_28_00_42_55] : DRM Id of cpu_regress.agarwal.220196.20_04_28_00_36_39_8628_cpu_regress___all_test___test5__run_21 is 9146
[20_04_28_00_42_55] : Updating exit status of cpu_regress.agarwal.220196.20_04_28_00_36_39_8628_cpu_regress___all_test___test4__run_20 to 0
[20_04_28_00_42_57] :  <<<<<< Updated job status >>>>>> 
Pending: 250  ,  Ready: 0  ,  Running: 1  ,  Aborted: 0  ,  Teminated: 21  ,  Removed: 0  ,  DRMErr: 0  ,  PAborted: 0  ,  Unknown: 0

[20_04_28_00_43_12] : DPL_MASTER_CNT was set to the default value: 20
[20_04_28_00_43_12] : DPL_MASTER_CNT was set to the default value: 20
[20_04_28_00_43_12] : Updated .done file with iteration counter: 1 for jobName: cpu_regress.agarwal.220196.20_04_28_00_36_39_8628_cpu_regress___all_test___test5__run_21
[20_04_28_00_43_14] : DPL_MASTER_CNT was set to the default value: 20
[20_04_28_00_43_14] : DPL_MASTER_CNT was set to the default value: 20
[20_04_28_00_43_14] : Updated .done file with iteration counter: 2 for jobName: cpu_regress.agarwal.220196.20_04_28_00_36_39_8628_cpu_regress___all_test___test5__run_21
[20_04_28_00_43_16] :  <<<<<< Updated job status >>>>>> 
Pending: 249  ,  Ready: 1  ,  Running: 0  ,  Aborted: 0  ,  Teminated: 22  ,  Removed: 0  ,  DRMErr: 0  ,  PAborted: 0  ,  Unknown: 0

[20_04_28_00_43_16] : DRM Id of cpu_regress.agarwal.220196.20_04_28_00_36_39_8628_cpu_regress___all_test___test5__run_22 is 20716
[20_04_28_00_43_16] : Updating exit status of cpu_regress.agarwal.220196.20_04_28_00_36_39_8628_cpu_regress___all_test___test5__run_21 to 0
[20_04_28_00_43_19] :  <<<<<< Updated job status >>>>>> 
Pending: 249  ,  Ready: 0  ,  Running: 1  ,  Aborted: 0  ,  Teminated: 22  ,  Removed: 0  ,  DRMErr: 0  ,  PAborted: 0  ,  Unknown: 0

[20_04_28_00_43_19] : Found STOP file: /home/grads/a/agarwal.220196/CSCE689_labs/final_project/CSCE-689-ProjectSpring20/project_release-master/project/sim/regression/cpu_regress.agarwal.220196.20_04_28_00_36_39_8628/chain_0/.stop_files/STOP_FILE_29b302f2-8913-11ea-99bb-abd1db1fc22e
[20_04_28_00_43_19] : Found STOP file: /home/grads/a/agarwal.220196/CSCE689_labs/final_project/CSCE-689-ProjectSpring20/project_release-master/project/sim/regression/cpu_regress.agarwal.220196.20_04_28_00_36_39_8628/chain_0/.stop_files/STOP_FILE_29b42cb8-8913-11ea-91e7-073a40334aab
[20_04_28_00_43_19] : Found STOP file: /home/grads/a/agarwal.220196/CSCE689_labs/final_project/CSCE-689-ProjectSpring20/project_release-master/project/sim/regression/cpu_regress.agarwal.220196.20_04_28_00_36_39_8628/chain_0/.stop_files/STOP_FILE_29b4d9a6-8913-11ea-9c2c-3fc10b3a87a9
[20_04_28_00_43_19] : Found STOP file: /home/grads/a/agarwal.220196/CSCE689_labs/final_project/CSCE-689-ProjectSpring20/project_release-master/project/sim/regression/cpu_regress.agarwal.220196.20_04_28_00_36_39_8628/chain_0/.stop_files/STOP_FILE_29b1f2c2-8913-11ea-9007-a3c9ef56603e
[20_04_28_00_43_19] : Found STOP file: /home/grads/a/agarwal.220196/CSCE689_labs/final_project/CSCE-689-ProjectSpring20/project_release-master/project/sim/regression/cpu_regress.agarwal.220196.20_04_28_00_36_39_8628/chain_0/.stop_files/STOP_FILE_29b39adc-8913-11ea-b49c-578be216407d
[20_04_28_00_43_19] : Master will stop entire session
[20_04_28_00_43_19] : Flow was aborted
[20_04_28_00_43_19] : Writing the final abort status
[20_04_28_00_43_19] :  <<<<<< Updated job status >>>>>> 
Pending: 0  ,  Ready: 0  ,  Running: 0  ,  Aborted: 0  ,  Teminated: 22  ,  Removed: 250  ,  DRMErr: 0  ,  PAborted: 0  ,  Unknown: 0

[20_04_28_00_43_20] : Master exits successfully
[20_04_28_00_43_20] : Master destroyed
