DPL Master job submitted to DRM
	Job Id:                  34017
	Configuration File Used: /softwares/Linux/cadence/INCISIVE152/tools/vmgr/runner/dpl/config/Local_config.xml

DPL watchdog job submitted to DRM
	Job Id:                  34369
	Configuration File Used: /softwares/Linux/cadence/INCISIVE152/tools/vmgr/runner/dpl/config/Local_config.xml

Job submitted to DPL master
	Job Name:                cpu_regress.agarwal.220196.20_04_28_10_43_35_4103_cpu_regress__pre_session
	Selected DRM:            SERIAL LOCAL
	Configuration File Used: /softwares/Linux/cadence/INCISIVE152/tools/vmgr/runner/dpl/config/Local_config.xml

Job submitted to DPL master
	Job Name:                cpu_regress.agarwal.220196.20_04_28_10_43_35_4103_cpu_regress___all_test___read_miss_icache__run_1
	Selected DRM:            SERIAL LOCAL
	Configuration File Used: /softwares/Linux/cadence/INCISIVE152/tools/vmgr/runner/dpl/config/Local_config.xml
	Job Predecessors:        cpu_regress.agarwal.220196.20_04_28_10_43_35_4103_cpu_regress__pre_session 

Job submitted to DPL master
	Job Name:                cpu_regress.agarwal.220196.20_04_28_10_43_35_4103_cpu_regress__post_session
	Selected DRM:            SERIAL LOCAL
	Configuration File Used: /softwares/Linux/cadence/INCISIVE152/tools/vmgr/runner/dpl/config/Local_config.xml
100% of jobs submitted to DPL master

Master registers flow with Yield Processors.


Job submission to master complete.

rr_dispatch.pl: launching: /softwares/Linux/cadence/INCISIVE152/tools/vmgr/runner/bin/rr_pre_session_wrapper.sh --session_dir /home/grads/a/agarwal.220196/CSCE689_labs/final_project/CSCE-689-ProjectSpring20/project_release-master/project/sim/regression/cpu_regress.agarwal.220196.20_04_28_10_43_35_4103 --session_name cpu_regress.agarwal.220196.20_04_28_10_43_35_4103 --chain_id 0 --vsof /home/grads/a/agarwal.220196/CSCE689_labs/final_project/CSCE-689-ProjectSpring20/project_release-master/project/sim/regression/cpu_regress.agarwal.220196.20_04_28_10_43_35_4103/cpu_regress.vsof
Running pre session script:  echo "pre_session_script" 
pre_session_script
rr_dispatch.pl: launching: /softwares/Linux/cadence/INCISIVE152/tools/vmgr/runner/bin/rr_run_wrapper.sh --session_name cpu_regress.agarwal.220196.20_04_28_10_43_35_4103 --chain_dir /home/grads/a/agarwal.220196/CSCE689_labs/final_project/CSCE-689-ProjectSpring20/project_release-master/project/sim/regression/cpu_regress.agarwal.220196.20_04_28_10_43_35_4103/chain_0 --group_dir /home/grads/a/agarwal.220196/CSCE689_labs/final_project/CSCE-689-ProjectSpring20/project_release-master/project/sim/regression/cpu_regress.agarwal.220196.20_04_28_10_43_35_4103/chain_0/all_test --run_id 1 --stop_file /home/grads/a/agarwal.220196/CSCE689_labs/final_project/CSCE-689-ProjectSpring20/project_release-master/project/sim/regression/cpu_regress.agarwal.220196.20_04_28_10_43_35_4103/chain_0/.stop_files/stop_run_1 --delete_file /home/grads/a/agarwal.220196/CSCE689_labs/final_project/CSCE-689-ProjectSpring20/project_release-master/project/sim/regression/cpu_regress.agarwal.220196.20_04_28_10_43_35_4103/chain_0/.delete_files/delete_run_1 --run_env_file /home/grads/a/agarwal.220196/CSCE689_labs/final_project/CSCE-689-ProjectSpring20/project_release-master/project/sim/regression/cpu_regress.agarwal.220196.20_04_28_10_43_35_4103/chain_0/all_test/tests_env --offsets 0,2594 --sch_offsets 0,0 --vsof /home/grads/a/agarwal.220196/CSCE689_labs/final_project/CSCE-689-ProjectSpring20/project_release-master/project/sim/regression/cpu_regress.agarwal.220196.20_04_28_10_43_35_4103/cpu_regress.vsof --seed random --sv_seed 1 --e_seed random --sve_name
Running run no. 1
*** vm_run_with_timeout.pl: Stop file found. Stopping run.
Job stopped. Stopping Run!
