csi-ncelab - CSI: Command line:
ncelab
    -f /home/grads/a/agarwal.220196/CSCE689_labs/final_project/CSCE-689-ProjectSpring20/project_release-master/project/sim/INCA_libs/irun.lnx86.15.20.nc/ncelab.args
        +UVM_VERBOSITY=UVM_LOW
        +access+rwc
        -loadpli /softwares/Linux/cadence/INCISIVE152/tools/methodology/UVM/CDNS-1.1d/sv/lib/libuvmpli.so:uvm_pli_boot
        -ACCESS +rwc
        -timescale 1ns/1ns
        -COVERAGE A
        -COVFILE ./cov_conf.ccf
        -MESSAGES
        -XLMODE ./INCA_libs/irun.lnx86.15.20.nc
        -RUNMODE
        -CDSLIB ./INCA_libs/irun.lnx86.15.20.nc/cds.lib
        -HDLVAR ./INCA_libs/irun.lnx86.15.20.nc/hdl.var
        -WORK worklib
        -HASXLMODE
    -CHECK_VERSION TOOL:	irun	15.20-s022
    -LOG_FD 4

csi-ncelab - CSI: *F,INTERR: INTERNAL EXCEPTION
-----------------------------------------------------------------
The tool has encountered an unexpected condition and must exit.
Contact Cadence Design Systems customer support about this
problem and provide enough information to help us reproduce it,
including the logfile that contains this error message.
  TOOL:	ncelab	15.20-s022
  HOSTNAME: hera3.ece.tamu.edu
  OPERATING SYSTEM: Linux 3.10.0-1062.12.1.el7.x86_64 #1 SMP Tue Feb 4 23:02:59 UTC 2020 x86_64
  MESSAGE: sv_seghandler - trapno -1 addr(0x2855af0)
-----------------------------------------------------------------

csi-ncelab - CSI: Cadence Support Investigation, recording details
Error: Error processing callstack!
csi-ncelab - CSI: investigation complete took 0.000 secs, send this file to Cadence Support
